Using pre-set license
Built from '2021.3/staging' branch; Version is '2021.3.5f1 (40eb3a945986) revision 4254522'; Using compiler version '192829333'; Build Type 'Release'
OS: 'Windows 10  (10.0.19045) 64bit CoreSingleLanguage' Language: 'ru' Physical Memory: 3274 MB
BatchMode: 1, IsHumanControllingUs: 0, StartBugReporterOnCrash: 0, Is64bit: 1, IsPro: 1

COMMAND LINE ARGUMENTS:
C:\Program Files\Unity\Hub\Editor\2021.3.5f1\Editor\Unity.exe
-adb2
-batchMode
-noUpm
-name
AssetImportWorker0
-projectPath
C:/Users/ALGORITMIKA/Documents/Dubkov-Nikita/Space Shooter
-logFile
Logs/AssetImportWorker0.log
-srvPort
55072
Successfully changed project path to: C:/Users/ALGORITMIKA/Documents/Dubkov-Nikita/Space Shooter
C:/Users/ALGORITMIKA/Documents/Dubkov-Nikita/Space Shooter
[UnityMemory] Configuration Parameters - Can be set up in boot.config
    "memorysetup-bucket-allocator-granularity=16"
    "memorysetup-bucket-allocator-bucket-count=8"
    "memorysetup-bucket-allocator-block-size=33554432"
    "memorysetup-bucket-allocator-block-count=8"
    "memorysetup-main-allocator-block-size=16777216"
    "memorysetup-thread-allocator-block-size=16777216"
    "memorysetup-gfx-main-allocator-block-size=16777216"
    "memorysetup-gfx-thread-allocator-block-size=16777216"
    "memorysetup-cache-allocator-block-size=4194304"
    "memorysetup-typetree-allocator-block-size=2097152"
    "memorysetup-profiler-bucket-allocator-granularity=16"
    "memorysetup-profiler-bucket-allocator-bucket-count=8"
    "memorysetup-profiler-bucket-allocator-block-size=33554432"
    "memorysetup-profiler-bucket-allocator-block-count=8"
    "memorysetup-profiler-allocator-block-size=16777216"
    "memorysetup-profiler-editor-allocator-block-size=1048576"
    "memorysetup-temp-allocator-size-main=16777216"
    "memorysetup-job-temp-allocator-block-size=2097152"
    "memorysetup-job-temp-allocator-block-size-background=1048576"
    "memorysetup-job-temp-allocator-reduction-small-platforms=262144"
    "memorysetup-temp-allocator-size-background-worker=32768"
    "memorysetup-temp-allocator-size-job-worker=262144"
    "memorysetup-temp-allocator-size-preload-manager=33554432"
    "memorysetup-temp-allocator-size-nav-mesh-worker=65536"
    "memorysetup-temp-allocator-size-audio-worker=65536"
    "memorysetup-temp-allocator-size-cloud-worker=32768"
    "memorysetup-temp-allocator-size-gi-baking-worker=262144"
    "memorysetup-temp-allocator-size-gfx=262144"
Refreshing native plugins compatible for Editor in 249.75 ms, found 4 plugins.
Preloading 0 native plugins for Editor in 0.00 ms.
Initialize engine version: 2021.3.5f1 (40eb3a945986)
[Subsystems] Discovering subsystems at path C:/Program Files/Unity/Hub/Editor/2021.3.5f1/Editor/Data/Resources/UnitySubsystems
[Subsystems] Discovering subsystems at path C:/Users/ALGORITMIKA/Documents/Dubkov-Nikita/Space Shooter/Assets
GfxDevice: creating device client; threaded=0; jobified=0
Direct3D:
    Version:  Direct3D 11.0 [level 11.0]
    Renderer: AMD Radeon HD 7620G (ID=0x9907)
    Vendor:   ATI
    VRAM:     2795 MB
    Driver:   15.201.1201.0
Initialize mono
Mono path[0] = 'C:/Program Files/Unity/Hub/Editor/2021.3.5f1/Editor/Data/Managed'
Mono path[1] = 'C:/Program Files/Unity/Hub/Editor/2021.3.5f1/Editor/Data/MonoBleedingEdge/lib/mono/unityjit-win32'
Mono config path = 'C:/Program Files/Unity/Hub/Editor/2021.3.5f1/Editor/Data/MonoBleedingEdge/etc'
Using monoOptions --debugger-agent=transport=dt_socket,embedding=1,server=y,suspend=n,address=127.0.0.1:56880
Begin MonoManager ReloadAssembly
Registering precompiled unity dll's ...
Register platform support module: C:/Program Files/Unity/Hub/Editor/2021.3.5f1/Editor/Data/PlaybackEngines/AndroidPlayer/UnityEditor.Android.Extensions.dll
Register platform support module: C:/Program Files/Unity/Hub/Editor/2021.3.5f1/Editor/Data/PlaybackEngines/WindowsStandaloneSupport/UnityEditor.WindowsStandalone.Extensions.dll
Registered in 0.034473 seconds.
Native extension for WindowsStandalone target not found
Native extension for Android target not found
Refreshing native plugins compatible for Editor in 280.69 ms, found 4 plugins.
Preloading 0 native plugins for Editor in 0.00 ms.
Mono: successfully reloaded assembly
- Completed reload, in  2.528 seconds
Domain Reload Profiling:
	ReloadAssembly (2529ms)
		BeginReloadAssembly (532ms)
			ExecutionOrderSort (0ms)
			DisableScriptedObjects (0ms)
			BackupInstance (0ms)
			ReleaseScriptingObjects (0ms)
			CreateAndSetChildDomain (2ms)
		EndReloadAssembly (1537ms)
			LoadAssemblies (526ms)
			RebuildTransferFunctionScriptingTraits (0ms)
			SetupTypeCache (444ms)
			ReleaseScriptCaches (0ms)
			RebuildScriptCaches (87ms)
			SetupLoadedEditorAssemblies (852ms)
				LogAssemblyErrors (0ms)
				InitializePlatformSupportModulesInManaged (140ms)
				SetLoadedEditorAssemblies (1ms)
				RefreshPlugins (281ms)
				BeforeProcessingInitializeOnLoad (3ms)
				ProcessInitializeOnLoadAttributes (298ms)
				ProcessInitializeOnLoadMethodAttributes (128ms)
				AfterProcessingInitializeOnLoad (0ms)
				EditorAssembliesLoaded (0ms)
			ExecutionOrderSort2 (0ms)
			AwakeInstancesAfterBackupRestoration (0ms)
Platform modules already initialized, skipping
Registering precompiled user dll's ...
Registered in 0.034269 seconds.
Begin MonoManager ReloadAssembly
Symbol file LoadedFromMemory doesn't match image C:\Users\ALGORITMIKA\Documents\Dubkov-Nikita\Space Shooter\Library\PackageCache\com.unity.visualscripting@1.7.8\Editor\VisualScripting.Core\Dependencies\YamlDotNet\Unity.VisualScripting.YamlDotNet.dll
Symbol file LoadedFromMemory doesn't match image C:\Users\ALGORITMIKA\Documents\Dubkov-Nikita\Space Shooter\Library\PackageCache\com.unity.visualscripting@1.7.8\Editor\VisualScripting.Core\Dependencies\DotNetZip\Unity.VisualScripting.IonicZip.dll
Native extension for WindowsStandalone target not found
Native extension for Android target not found
Refreshing native plugins compatible for Editor in 227.84 ms, found 4 plugins.
Preloading 0 native plugins for Editor in 0.00 ms.
Mono: successfully reloaded assembly
- Completed reload, in  4.128 seconds
Domain Reload Profiling:
	ReloadAssembly (4130ms)
		BeginReloadAssembly (514ms)
			ExecutionOrderSort (0ms)
			DisableScriptedObjects (30ms)
			BackupInstance (0ms)
			ReleaseScriptingObjects (0ms)
			CreateAndSetChildDomain (70ms)
		EndReloadAssembly (3087ms)
			LoadAssemblies (641ms)
			RebuildTransferFunctionScriptingTraits (0ms)
			SetupTypeCache (804ms)
			ReleaseScriptCaches (2ms)
			RebuildScriptCaches (185ms)
			SetupLoadedEditorAssemblies (1429ms)
				LogAssemblyErrors (0ms)
				InitializePlatformSupportModulesInManaged (42ms)
				SetLoadedEditorAssemblies (1ms)
				RefreshPlugins (228ms)
				BeforeProcessingInitializeOnLoad (349ms)
				ProcessInitializeOnLoadAttributes (653ms)
				ProcessInitializeOnLoadMethodAttributes (130ms)
				AfterProcessingInitializeOnLoad (26ms)
				EditorAssembliesLoaded (1ms)
			ExecutionOrderSort2 (0ms)
			AwakeInstancesAfterBackupRestoration (15ms)
Platform modules already initialized, skipping
========================================================================
Worker process is ready to serve import requests
Launched and connected shader compiler UnityShaderCompiler.exe after 0.16 seconds
Refreshing native plugins compatible for Editor in 1.96 ms, found 4 plugins.
Preloading 0 native plugins for Editor in 0.00 ms.
Unloading 4057 Unused Serialized files (Serialized files now loaded: 0)
Unloading 44 unused Assets / (222.4 KB). Loaded Objects now: 4508.
Memory consumption went from 150.9 MB to 150.7 MB.
Total: 8.651700 ms (FindLiveObjects: 0.806900 ms CreateObjectMapping: 0.347600 ms MarkObjects: 7.061900 ms  DeleteObjects: 0.432500 ms)

AssetImportParameters requested are different than current active one (requested -> active):
  custom:video-decoder-ogg-theora: a1e56fd34408186e4bbccfd4996cb3dc -> 
  custom:container-muxer-webm: aa71ff27fc2769a1b78a27578f13a17b -> 
  custom:container-demuxer-webm: 4f35f7cbe854078d1ac9338744f61a02 -> 
  custom:video-encoder-webm-vp8: eb34c28f22e8b96e1ab97ce403110664 -> 
  custom:audio-encoder-webm-vorbis: bf7c407c2cedff20999df2af8eb42d56 -> 
  custom:framework-win-MediaFoundation: 216162199b28c13a410421893ffa2e32 -> 
  custom:container-demuxer-ogg: 62fdf1f143b41e24485cea50d1cbac27 -> 
  custom:video-decoder-webm-vp8: 9c59270c3fd7afecdb556c50c9e8de78 -> 
  custom:audio-decoder-ogg-vorbis: bf7c407c2cedff20999df2af8eb42d56 -> 
========================================================================
Received Import Request.
  Time since last request: 1117938.673042 seconds.
  path: Assets
  artifactKey: Guid(00000000000000001000000000000000) Importer(815301076,1909f56bfc062723c751e8b465ee728b)
Start importing Assets using Guid(00000000000000001000000000000000) Importer(815301076,1909f56bfc062723c751e8b465ee728b)  -> (artifact id: '79842766b460edbeab6a34051e857a80') in 0.026577 seconds 
========================================================================
Received Import Request.
  Time since last request: 0.000058 seconds.
  path: Assets/Art
  artifactKey: Guid(5eb7f9e65fca5ee469d909d54985b125) Importer(815301076,1909f56bfc062723c751e8b465ee728b)
Start importing Assets/Art using Guid(5eb7f9e65fca5ee469d909d54985b125) Importer(815301076,1909f56bfc062723c751e8b465ee728b)  -> (artifact id: 'd11edaee3578d2816dee6df49d827302') in 0.016325 seconds 
========================================================================
Received Import Request.
  Time since last request: 14.933450 seconds.
  path: Assets/Code
  artifactKey: Guid(acd6530550c1694478f9bde930700da4) Importer(815301076,1909f56bfc062723c751e8b465ee728b)
Start importing Assets/Code using Guid(acd6530550c1694478f9bde930700da4) Importer(815301076,1909f56bfc062723c751e8b465ee728b)  -> (artifact id: '5e8cd4c161e6a09dcb9ea44b2c51f6bf') in 0.020407 seconds 
========================================================================
Received Import Request.
  Time since last request: 12.693038 seconds.
  path: Assets/Level
  artifactKey: Guid(16676b45ce6f90245b717bbb84133437) Importer(815301076,1909f56bfc062723c751e8b465ee728b)
Start importing Assets/Level using Guid(16676b45ce6f90245b717bbb84133437) Importer(815301076,1909f56bfc062723c751e8b465ee728b)  -> (artifact id: '8d114d9d619ed602699aa4767a65cdfa') in 0.023251 seconds 
========================================================================
Received Import Request.
  Time since last request: 16.432121 seconds.
  path: Assets/Prefabs
  artifactKey: Guid(5b9f850007784f7449d6f94310b57f54) Importer(815301076,1909f56bfc062723c751e8b465ee728b)
Start importing Assets/Prefabs using Guid(5b9f850007784f7449d6f94310b57f54) Importer(815301076,1909f56bfc062723c751e8b465ee728b)  -> (artifact id: 'dbbebd869c35cacc3bb864cf2d192632') in 0.021202 seconds 
========================================================================
Received Import Request.
  Time since last request: 43.768472 seconds.
  path: Assets/Fonts
  artifactKey: Guid(8a1f9d8ce4a75114682d9078a1ed999f) Importer(815301076,1909f56bfc062723c751e8b465ee728b)
Start importing Assets/Fonts using Guid(8a1f9d8ce4a75114682d9078a1ed999f) Importer(815301076,1909f56bfc062723c751e8b465ee728b)  -> (artifact id: '6f033443f4d51585f763f1bd7fdd19d8') in 0.100482 seconds 
========================================================================
Received Import Request.
  Time since last request: 0.000061 seconds.
  path: Assets/Fonts/Space Comics.ttf
  artifactKey: Guid(a7c4902ca180f444e93957d562982c32) Importer(815301076,1909f56bfc062723c751e8b465ee728b)
Start importing Assets/Fonts/Space Comics.ttf using Guid(a7c4902ca180f444e93957d562982c32) Importer(815301076,1909f56bfc062723c751e8b465ee728b)  -> (artifact id: '0118b2621cad212f4dfb1e8fb7d42653') in 0.420006 seconds 
========================================================================
Received Import Request.
  Time since last request: 0.000054 seconds.
  path: Assets/Fonts/Space.TTF
  artifactKey: Guid(d05de34c8b5444f49821cd99b65e40ed) Importer(815301076,1909f56bfc062723c751e8b465ee728b)
Start importing Assets/Fonts/Space.TTF using Guid(d05de34c8b5444f49821cd99b65e40ed) Importer(815301076,1909f56bfc062723c751e8b465ee728b)  -> (artifact id: 'e1543f740706053f5aea65592384eb10') in 0.069471 seconds 
========================================================================
Received Import Request.
  Time since last request: 112.930611 seconds.
  path: Assets/Art/Images
  artifactKey: Guid(e29129baadd245b45b8bf27ba7aebd44) Importer(815301076,1909f56bfc062723c751e8b465ee728b)
Start importing Assets/Art/Images using Guid(e29129baadd245b45b8bf27ba7aebd44) Importer(815301076,1909f56bfc062723c751e8b465ee728b)  -> (artifact id: 'e99587a56163bee2ca8d004081b0ac62') in 0.031941 seconds 
========================================================================
Received Import Request.
  Time since last request: 0.025772 seconds.
  path: Assets/Art/Images/Asteroid_01.png
  artifactKey: Guid(2f6034583feee854a8892bc0fdf986b3) Importer(815301076,1909f56bfc062723c751e8b465ee728b)
Start importing Assets/Art/Images/Asteroid_01.png using Guid(2f6034583feee854a8892bc0fdf986b3) Importer(815301076,1909f56bfc062723c751e8b465ee728b)  -> (artifact id: 'c19be1d8bb5c32467d9c1858c6c6302f') in 0.117730 seconds 
========================================================================
Received Import Request.
  Time since last request: 0.000057 seconds.
  path: Assets/Art/Images/Star_02.png
  artifactKey: Guid(15e4f7753cb589e429334ae97b9ec0f3) Importer(815301076,1909f56bfc062723c751e8b465ee728b)
Start importing Assets/Art/Images/Star_02.png using Guid(15e4f7753cb589e429334ae97b9ec0f3) Importer(815301076,1909f56bfc062723c751e8b465ee728b)  -> (artifact id: '2f7b5217e7726b22445536833b80f6f6') in 0.053743 seconds 
========================================================================
Received Import Request.
  Time since last request: 0.000065 seconds.
  path: Assets/Art/Images/Asteroid_02.png
  artifactKey: Guid(2859a625f5d2ed94a8aabfd96fc75354) Importer(815301076,1909f56bfc062723c751e8b465ee728b)
Start importing Assets/Art/Images/Asteroid_02.png using Guid(2859a625f5d2ed94a8aabfd96fc75354) Importer(815301076,1909f56bfc062723c751e8b465ee728b)  -> (artifact id: 'f45579567d5db713230535da85ff6146') in 0.056825 seconds 
========================================================================
Received Import Request.
  Time since last request: 0.000100 seconds.
  path: Assets/Art/Images/Star_01.png
  artifactKey: Guid(3f3e82126cf4feb4f846fc5b7640dc82) Importer(815301076,1909f56bfc062723c751e8b465ee728b)
Start importing Assets/Art/Images/Star_01.png using Guid(3f3e82126cf4feb4f846fc5b7640dc82) Importer(815301076,1909f56bfc062723c751e8b465ee728b)  -> (artifact id: '5ea290bcd4e3a5ccb3ae9b81391b9b98') in 0.124152 seconds 
========================================================================
Received Import Request.
  Time since last request: 0.000077 seconds.
  path: Assets/Art/Images/Player.png
  artifactKey: Guid(632331cc3d0d9fb4fa1632622d79a145) Importer(815301076,1909f56bfc062723c751e8b465ee728b)
Start importing Assets/Art/Images/Player.png using Guid(632331cc3d0d9fb4fa1632622d79a145) Importer(815301076,1909f56bfc062723c751e8b465ee728b)  -> (artifact id: '46a5baeac990ff844e76310f9912534d') in 0.066395 seconds 
========================================================================
Received Import Request.
  Time since last request: 0.000086 seconds.
  path: Assets/Art/Images/Laser.png
  artifactKey: Guid(8f3ebc2852c26c440a1c11bea68b7e9a) Importer(815301076,1909f56bfc062723c751e8b465ee728b)
Start importing Assets/Art/Images/Laser.png using Guid(8f3ebc2852c26c440a1c11bea68b7e9a) Importer(815301076,1909f56bfc062723c751e8b465ee728b)  -> (artifact id: 'd2afb7dbeb22be4b3140875dd1d9896d') in 0.064106 seconds 
========================================================================
Received Import Request.
  Time since last request: 402.620145 seconds.
  path: Assets/Code/Player.cs
  artifactKey: Guid(049007cc8bf190c4fabfcc459ad01d9c) Importer(815301076,1909f56bfc062723c751e8b465ee728b)
Start importing Assets/Code/Player.cs using Guid(049007cc8bf190c4fabfcc459ad01d9c) Importer(815301076,1909f56bfc062723c751e8b465ee728b)  -> (artifact id: 'f5a7d3ce8c8cff318e5da4cbadef0ebe') in 0.033373 seconds 
========================================================================
Received Import Request.
  Time since last request: 801.665304 seconds.
  path: Assets/Code/Player.cs
  artifactKey: Guid(049007cc8bf190c4fabfcc459ad01d9c) Importer(815301076,1909f56bfc062723c751e8b465ee728b)
Start importing Assets/Code/Player.cs using Guid(049007cc8bf190c4fabfcc459ad01d9c) Importer(815301076,1909f56bfc062723c751e8b465ee728b)  -> (artifact id: '1db552ab2ef4093b2524e502d35daf16') in 0.039728 seconds 
========================================================================
Received Import Request.
  Time since last request: 14.688170 seconds.
  path: Assets/Code/Player.cs
  artifactKey: Guid(049007cc8bf190c4fabfcc459ad01d9c) Importer(815301076,1909f56bfc062723c751e8b465ee728b)
Start importing Assets/Code/Player.cs using Guid(049007cc8bf190c4fabfcc459ad01d9c) Importer(815301076,1909f56bfc062723c751e8b465ee728b)  -> (artifact id: '1db552ab2ef4093b2524e502d35daf16') in 0.013181 seconds 
========================================================================
Received Prepare
Registering precompiled user dll's ...
Registered in 0.049334 seconds.
Begin MonoManager ReloadAssembly
Symbol file LoadedFromMemory doesn't match image C:\Users\ALGORITMIKA\Documents\Dubkov-Nikita\Space Shooter\Library\PackageCache\com.unity.visualscripting@1.7.8\Editor\VisualScripting.Core\Dependencies\YamlDotNet\Unity.VisualScripting.YamlDotNet.dll
Symbol file LoadedFromMemory doesn't match image C:\Users\ALGORITMIKA\Documents\Dubkov-Nikita\Space Shooter\Library\PackageCache\com.unity.visualscripting@1.7.8\Editor\VisualScripting.Core\Dependencies\DotNetZip\Unity.VisualScripting.IonicZip.dll
Native extension for WindowsStandalone target not found
Native extension for Android target not found
Refreshing native plugins compatible for Editor in 3.57 ms, found 4 plugins.
Preloading 0 native plugins for Editor in 0.00 ms.
Mono: successfully reloaded assembly
- Completed reload, in  8.885 seconds
Domain Reload Profiling:
	ReloadAssembly (8897ms)
		BeginReloadAssembly (2684ms)
			ExecutionOrderSort (2ms)
			DisableScriptedObjects (317ms)
			BackupInstance (0ms)
			ReleaseScriptingObjects (1ms)
			CreateAndSetChildDomain (1193ms)
		EndReloadAssembly (5602ms)
			LoadAssemblies (1205ms)
			RebuildTransferFunctionScriptingTraits (1ms)
			SetupTypeCache (2197ms)
			ReleaseScriptCaches (6ms)
			RebuildScriptCaches (304ms)
			SetupLoadedEditorAssemblies (2099ms)
				LogAssemblyErrors (0ms)
				InitializePlatformSupportModulesInManaged (121ms)
				SetLoadedEditorAssemblies (5ms)
				RefreshPlugins (4ms)
				BeforeProcessingInitializeOnLoad (417ms)
				ProcessInitializeOnLoadAttributes (1297ms)
				ProcessInitializeOnLoadMethodAttributes (208ms)
				AfterProcessingInitializeOnLoad (46ms)
				EditorAssembliesLoaded (1ms)
			ExecutionOrderSort2 (0ms)
			AwakeInstancesAfterBackupRestoration (42ms)
Platform modules already initialized, skipping
Refreshing native plugins compatible for Editor in 17.50 ms, found 4 plugins.
Preloading 0 native plugins for Editor in 0.00 ms.
Unloading 4053 Unused Serialized files (Serialized files now loaded: 0)
Unloading 31 unused Assets / (189.8 KB). Loaded Objects now: 4568.
Memory consumption went from 155.6 MB to 155.4 MB.
Total: 15.379900 ms (FindLiveObjects: 0.793500 ms CreateObjectMapping: 0.422700 ms MarkObjects: 13.065000 ms  DeleteObjects: 1.095300 ms)

AssetImportParameters requested are different than current active one (requested -> active):
  custom:video-decoder-ogg-theora: a1e56fd34408186e4bbccfd4996cb3dc -> 
  custom:container-muxer-webm: aa71ff27fc2769a1b78a27578f13a17b -> 
  custom:container-demuxer-webm: 4f35f7cbe854078d1ac9338744f61a02 -> 
  custom:video-encoder-webm-vp8: eb34c28f22e8b96e1ab97ce403110664 -> 
  custom:audio-encoder-webm-vorbis: bf7c407c2cedff20999df2af8eb42d56 -> 
  custom:framework-win-MediaFoundation: 216162199b28c13a410421893ffa2e32 -> 
  custom:container-demuxer-ogg: 62fdf1f143b41e24485cea50d1cbac27 -> 
  custom:video-decoder-webm-vp8: 9c59270c3fd7afecdb556c50c9e8de78 -> 
  custom:audio-decoder-ogg-vorbis: bf7c407c2cedff20999df2af8eb42d56 -> 
========================================================================
Received Prepare
Registering precompiled user dll's ...
Registered in 0.056437 seconds.
Begin MonoManager ReloadAssembly
Symbol file LoadedFromMemory doesn't match image C:\Users\ALGORITMIKA\Documents\Dubkov-Nikita\Space Shooter\Library\PackageCache\com.unity.visualscripting@1.7.8\Editor\VisualScripting.Core\Dependencies\YamlDotNet\Unity.VisualScripting.YamlDotNet.dll
Symbol file LoadedFromMemory doesn't match image C:\Users\ALGORITMIKA\Documents\Dubkov-Nikita\Space Shooter\Library\PackageCache\com.unity.visualscripting@1.7.8\Editor\VisualScripting.Core\Dependencies\DotNetZip\Unity.VisualScripting.IonicZip.dll
Native extension for WindowsStandalone target not found
Native extension for Android target not found
Refreshing native plugins compatible for Editor in 2.21 ms, found 4 plugins.
Preloading 0 native plugins for Editor in 0.00 ms.
Mono: successfully reloaded assembly
- Completed reload, in  4.262 seconds
Domain Reload Profiling:
	ReloadAssembly (4264ms)
		BeginReloadAssembly (654ms)
			ExecutionOrderSort (0ms)
			DisableScriptedObjects (24ms)
			BackupInstance (0ms)
			ReleaseScriptingObjects (0ms)
			CreateAndSetChildDomain (127ms)
		EndReloadAssembly (3212ms)
			LoadAssemblies (734ms)
			RebuildTransferFunctionScriptingTraits (0ms)
			SetupTypeCache (970ms)
			ReleaseScriptCaches (4ms)
			RebuildScriptCaches (188ms)
			SetupLoadedEditorAssemblies (1315ms)
				LogAssemblyErrors (0ms)
				InitializePlatformSupportModulesInManaged (87ms)
				SetLoadedEditorAssemblies (1ms)
				RefreshPlugins (2ms)
				BeforeProcessingInitializeOnLoad (261ms)
				ProcessInitializeOnLoadAttributes (769ms)
				ProcessInitializeOnLoadMethodAttributes (154ms)
				AfterProcessingInitializeOnLoad (39ms)
				EditorAssembliesLoaded (1ms)
			ExecutionOrderSort2 (0ms)
			AwakeInstancesAfterBackupRestoration (36ms)
Platform modules already initialized, skipping
Refreshing native plugins compatible for Editor in 17.63 ms, found 4 plugins.
Preloading 0 native plugins for Editor in 0.00 ms.
Unloading 4053 Unused Serialized files (Serialized files now loaded: 0)
Unloading 31 unused Assets / (189.7 KB). Loaded Objects now: 4571.
Memory consumption went from 155.6 MB to 155.5 MB.
Total: 9.638700 ms (FindLiveObjects: 0.706900 ms CreateObjectMapping: 0.440700 ms MarkObjects: 8.067300 ms  DeleteObjects: 0.419900 ms)

AssetImportParameters requested are different than current active one (requested -> active):
  custom:video-decoder-ogg-theora: a1e56fd34408186e4bbccfd4996cb3dc -> 
  custom:container-muxer-webm: aa71ff27fc2769a1b78a27578f13a17b -> 
  custom:container-demuxer-webm: 4f35f7cbe854078d1ac9338744f61a02 -> 
  custom:video-encoder-webm-vp8: eb34c28f22e8b96e1ab97ce403110664 -> 
  custom:audio-encoder-webm-vorbis: bf7c407c2cedff20999df2af8eb42d56 -> 
  custom:framework-win-MediaFoundation: 216162199b28c13a410421893ffa2e32 -> 
  custom:container-demuxer-ogg: 62fdf1f143b41e24485cea50d1cbac27 -> 
  custom:video-decoder-webm-vp8: 9c59270c3fd7afecdb556c50c9e8de78 -> 
  custom:audio-decoder-ogg-vorbis: bf7c407c2cedff20999df2af8eb42d56 -> 
========================================================================
Received Prepare
Registering precompiled user dll's ...
Registered in 0.026392 seconds.
Begin MonoManager ReloadAssembly
Symbol file LoadedFromMemory doesn't match image C:\Users\ALGORITMIKA\Documents\Dubkov-Nikita\Space Shooter\Library\PackageCache\com.unity.visualscripting@1.7.8\Editor\VisualScripting.Core\Dependencies\YamlDotNet\Unity.VisualScripting.YamlDotNet.dll
Symbol file LoadedFromMemory doesn't match image C:\Users\ALGORITMIKA\Documents\Dubkov-Nikita\Space Shooter\Library\PackageCache\com.unity.visualscripting@1.7.8\Editor\VisualScripting.Core\Dependencies\DotNetZip\Unity.VisualScripting.IonicZip.dll
Native extension for WindowsStandalone target not found
Native extension for Android target not found
Refreshing native plugins compatible for Editor in 2.21 ms, found 4 plugins.
Preloading 0 native plugins for Editor in 0.00 ms.
Mono: successfully reloaded assembly
- Completed reload, in  6.204 seconds
Domain Reload Profiling:
	ReloadAssembly (6207ms)
		BeginReloadAssembly (699ms)
			ExecutionOrderSort (0ms)
			DisableScriptedObjects (52ms)
			BackupInstance (0ms)
			ReleaseScriptingObjects (0ms)
			CreateAndSetChildDomain (167ms)
		EndReloadAssembly (4861ms)
			LoadAssemblies (518ms)
			RebuildTransferFunctionScriptingTraits (0ms)
			SetupTypeCache (1751ms)
			ReleaseScriptCaches (7ms)
			RebuildScriptCaches (404ms)
			SetupLoadedEditorAssemblies (1984ms)
				LogAssemblyErrors (0ms)
				InitializePlatformSupportModulesInManaged (119ms)
				SetLoadedEditorAssemblies (6ms)
				RefreshPlugins (2ms)
				BeforeProcessingInitializeOnLoad (474ms)
				ProcessInitializeOnLoadAttributes (1127ms)
				ProcessInitializeOnLoadMethodAttributes (207ms)
				AfterProcessingInitializeOnLoad (47ms)
				EditorAssembliesLoaded (1ms)
			ExecutionOrderSort2 (0ms)
			AwakeInstancesAfterBackupRestoration (45ms)
Platform modules already initialized, skipping
Refreshing native plugins compatible for Editor in 29.83 ms, found 4 plugins.
Preloading 0 native plugins for Editor in 0.00 ms.
Unloading 4053 Unused Serialized files (Serialized files now loaded: 0)
Unloading 31 unused Assets / (189.9 KB). Loaded Objects now: 4574.
Memory consumption went from 155.6 MB to 155.5 MB.
Total: 15.961600 ms (FindLiveObjects: 1.361000 ms CreateObjectMapping: 0.952400 ms MarkObjects: 12.713700 ms  DeleteObjects: 0.929400 ms)

AssetImportParameters requested are different than current active one (requested -> active):
  custom:video-decoder-ogg-theora: a1e56fd34408186e4bbccfd4996cb3dc -> 
  custom:container-muxer-webm: aa71ff27fc2769a1b78a27578f13a17b -> 
  custom:container-demuxer-webm: 4f35f7cbe854078d1ac9338744f61a02 -> 
  custom:video-encoder-webm-vp8: eb34c28f22e8b96e1ab97ce403110664 -> 
  custom:audio-encoder-webm-vorbis: bf7c407c2cedff20999df2af8eb42d56 -> 
  custom:framework-win-MediaFoundation: 216162199b28c13a410421893ffa2e32 -> 
  custom:container-demuxer-ogg: 62fdf1f143b41e24485cea50d1cbac27 -> 
  custom:video-decoder-webm-vp8: 9c59270c3fd7afecdb556c50c9e8de78 -> 
  custom:audio-decoder-ogg-vorbis: bf7c407c2cedff20999df2af8eb42d56 -> 
========================================================================
Received Prepare
Registering precompiled user dll's ...
Registered in 0.037346 seconds.
Begin MonoManager ReloadAssembly
Symbol file LoadedFromMemory doesn't match image C:\Users\ALGORITMIKA\Documents\Dubkov-Nikita\Space Shooter\Library\PackageCache\com.unity.visualscripting@1.7.8\Editor\VisualScripting.Core\Dependencies\YamlDotNet\Unity.VisualScripting.YamlDotNet.dll
Symbol file LoadedFromMemory doesn't match image C:\Users\ALGORITMIKA\Documents\Dubkov-Nikita\Space Shooter\Library\PackageCache\com.unity.visualscripting@1.7.8\Editor\VisualScripting.Core\Dependencies\DotNetZip\Unity.VisualScripting.IonicZip.dll
Native extension for WindowsStandalone target not found
Native extension for Android target not found
Refreshing native plugins compatible for Editor in 2.77 ms, found 4 plugins.
Preloading 0 native plugins for Editor in 0.00 ms.
Mono: successfully reloaded assembly
- Completed reload, in  6.571 seconds
Domain Reload Profiling:
	ReloadAssembly (6589ms)
		BeginReloadAssembly (1995ms)
			ExecutionOrderSort (0ms)
			DisableScriptedObjects (250ms)
			BackupInstance (0ms)
			ReleaseScriptingObjects (0ms)
			CreateAndSetChildDomain (737ms)
		EndReloadAssembly (4107ms)
			LoadAssemblies (1166ms)
			RebuildTransferFunctionScriptingTraits (0ms)
			SetupTypeCache (1460ms)
			ReleaseScriptCaches (6ms)
			RebuildScriptCaches (182ms)
			SetupLoadedEditorAssemblies (1576ms)
				LogAssemblyErrors (0ms)
				InitializePlatformSupportModulesInManaged (90ms)
				SetLoadedEditorAssemblies (4ms)
				RefreshPlugins (3ms)
				BeforeProcessingInitializeOnLoad (345ms)
				ProcessInitializeOnLoadAttributes (931ms)
				ProcessInitializeOnLoadMethodAttributes (160ms)
				AfterProcessingInitializeOnLoad (41ms)
				EditorAssembliesLoaded (1ms)
			ExecutionOrderSort2 (0ms)
			AwakeInstancesAfterBackupRestoration (30ms)
Platform modules already initialized, skipping
Refreshing native plugins compatible for Editor in 18.44 ms, found 4 plugins.
Preloading 0 native plugins for Editor in 0.00 ms.
Unloading 4053 Unused Serialized files (Serialized files now loaded: 0)
Unloading 31 unused Assets / (189.8 KB). Loaded Objects now: 4577.
Memory consumption went from 155.7 MB to 155.5 MB.
Total: 14.728100 ms (FindLiveObjects: 1.501700 ms CreateObjectMapping: 1.190800 ms MarkObjects: 10.894400 ms  DeleteObjects: 1.136400 ms)

AssetImportParameters requested are different than current active one (requested -> active):
  custom:video-decoder-ogg-theora: a1e56fd34408186e4bbccfd4996cb3dc -> 
  custom:container-muxer-webm: aa71ff27fc2769a1b78a27578f13a17b -> 
  custom:container-demuxer-webm: 4f35f7cbe854078d1ac9338744f61a02 -> 
  custom:video-encoder-webm-vp8: eb34c28f22e8b96e1ab97ce403110664 -> 
  custom:audio-encoder-webm-vorbis: bf7c407c2cedff20999df2af8eb42d56 -> 
  custom:framework-win-MediaFoundation: 216162199b28c13a410421893ffa2e32 -> 
  custom:container-demuxer-ogg: 62fdf1f143b41e24485cea50d1cbac27 -> 
  custom:video-decoder-webm-vp8: 9c59270c3fd7afecdb556c50c9e8de78 -> 
  custom:audio-decoder-ogg-vorbis: bf7c407c2cedff20999df2af8eb42d56 -> 
========================================================================
Received Import Request.
  Time since last request: 917.378009 seconds.
  path: Assets/Code/New Folder
  artifactKey: Guid(ffa0ac53a4eaae541b40bf34b860b548) Importer(815301076,1909f56bfc062723c751e8b465ee728b)
Start importing Assets/Code/New Folder using Guid(ffa0ac53a4eaae541b40bf34b860b548) Importer(815301076,1909f56bfc062723c751e8b465ee728b)  -> (artifact id: '191d1b5753ea5c427369f3d34423685d') in 0.092609 seconds 
========================================================================
Received Import Request.
  Time since last request: 11.343723 seconds.
  path: Assets/Code/Mover
  artifactKey: Guid(ffa0ac53a4eaae541b40bf34b860b548) Importer(815301076,1909f56bfc062723c751e8b465ee728b)
Start importing Assets/Code/Mover using Guid(ffa0ac53a4eaae541b40bf34b860b548) Importer(815301076,1909f56bfc062723c751e8b465ee728b)  -> (artifact id: '20124a4041823b73c09701c03978ca8e') in 0.049430 seconds 
========================================================================
Received Import Request.
  Time since last request: 27.641406 seconds.
  path: Assets/Code/Mover.cs
  artifactKey: Guid(fe35fa7d0eea06d43b7a4434a710c0da) Importer(815301076,1909f56bfc062723c751e8b465ee728b)
Start importing Assets/Code/Mover.cs using Guid(fe35fa7d0eea06d43b7a4434a710c0da) Importer(815301076,1909f56bfc062723c751e8b465ee728b)  -> (artifact id: '56822871ac1be5b76d20580cf4f73b02') in 0.064579 seconds 
========================================================================
Received Prepare
Registering precompiled user dll's ...
Registered in 0.035231 seconds.
Begin MonoManager ReloadAssembly
Symbol file LoadedFromMemory doesn't match image C:\Users\ALGORITMIKA\Documents\Dubkov-Nikita\Space Shooter\Library\PackageCache\com.unity.visualscripting@1.7.8\Editor\VisualScripting.Core\Dependencies\YamlDotNet\Unity.VisualScripting.YamlDotNet.dll
Symbol file LoadedFromMemory doesn't match image C:\Users\ALGORITMIKA\Documents\Dubkov-Nikita\Space Shooter\Library\PackageCache\com.unity.visualscripting@1.7.8\Editor\VisualScripting.Core\Dependencies\DotNetZip\Unity.VisualScripting.IonicZip.dll
Native extension for WindowsStandalone target not found
Native extension for Android target not found
Refreshing native plugins compatible for Editor in 3.83 ms, found 4 plugins.
Preloading 0 native plugins for Editor in 0.00 ms.
Mono: successfully reloaded assembly
- Completed reload, in  9.798 seconds
Domain Reload Profiling:
	ReloadAssembly (9807ms)
		BeginReloadAssembly (1813ms)
			ExecutionOrderSort (1ms)
			DisableScriptedObjects (273ms)
			BackupInstance (0ms)
			ReleaseScriptingObjects (0ms)
			CreateAndSetChildDomain (739ms)
		EndReloadAssembly (7548ms)
			LoadAssemblies (869ms)
			RebuildTransferFunctionScriptingTraits (1ms)
			SetupTypeCache (4646ms)
			ReleaseScriptCaches (5ms)
			RebuildScriptCaches (186ms)
			SetupLoadedEditorAssemblies (1897ms)
				LogAssemblyErrors (0ms)
				InitializePlatformSupportModulesInManaged (123ms)
				SetLoadedEditorAssemblies (4ms)
				RefreshPlugins (4ms)
				BeforeProcessingInitializeOnLoad (337ms)
				ProcessInitializeOnLoadAttributes (1198ms)
				ProcessInitializeOnLoadMethodAttributes (195ms)
				AfterProcessingInitializeOnLoad (36ms)
				EditorAssembliesLoaded (1ms)
			ExecutionOrderSort2 (0ms)
			AwakeInstancesAfterBackupRestoration (46ms)
Platform modules already initialized, skipping
Refreshing native plugins compatible for Editor in 38.49 ms, found 4 plugins.
Preloading 0 native plugins for Editor in 0.00 ms.
Unloading 4054 Unused Serialized files (Serialized files now loaded: 0)
Unloading 31 unused Assets / (189.9 KB). Loaded Objects now: 4581.
Memory consumption went from 155.7 MB to 155.5 MB.
Total: 25.805700 ms (FindLiveObjects: 1.573500 ms CreateObjectMapping: 0.923100 ms MarkObjects: 22.247400 ms  DeleteObjects: 1.056500 ms)

AssetImportParameters requested are different than current active one (requested -> active):
  custom:video-decoder-ogg-theora: a1e56fd34408186e4bbccfd4996cb3dc -> 
  custom:container-muxer-webm: aa71ff27fc2769a1b78a27578f13a17b -> 
  custom:container-demuxer-webm: 4f35f7cbe854078d1ac9338744f61a02 -> 
  custom:video-encoder-webm-vp8: eb34c28f22e8b96e1ab97ce403110664 -> 
  custom:audio-encoder-webm-vorbis: bf7c407c2cedff20999df2af8eb42d56 -> 
  custom:framework-win-MediaFoundation: 216162199b28c13a410421893ffa2e32 -> 
  custom:container-demuxer-ogg: 62fdf1f143b41e24485cea50d1cbac27 -> 
  custom:video-decoder-webm-vp8: 9c59270c3fd7afecdb556c50c9e8de78 -> 
  custom:audio-decoder-ogg-vorbis: bf7c407c2cedff20999df2af8eb42d56 -> 
========================================================================
Received Import Request.
  Time since last request: 611.565520 seconds.
  path: Assets/Code/NewBehaviourScript.cs
  artifactKey: Guid(9f77fead0a73335489c90bbddfe9aae1) Importer(815301076,1909f56bfc062723c751e8b465ee728b)
Start importing Assets/Code/NewBehaviourScript.cs using Guid(9f77fead0a73335489c90bbddfe9aae1) Importer(815301076,1909f56bfc062723c751e8b465ee728b)  -> (artifact id: 'ef6fa6614d3e5eb58eb1ba45c3b809cf') in 8.064052 seconds 
========================================================================
Received Import Request.
  Time since last request: 0.002479 seconds.
  path: Assets/Code/NewBehaviourScript.cs
  artifactKey: Guid(9f77fead0a73335489c90bbddfe9aae1) Importer(815301076,1909f56bfc062723c751e8b465ee728b)
Start importing Assets/Code/NewBehaviourScript.cs using Guid(9f77fead0a73335489c90bbddfe9aae1) Importer(815301076,1909f56bfc062723c751e8b465ee728b)  -> (artifact id: 'ef6fa6614d3e5eb58eb1ba45c3b809cf') in 0.029053 seconds 
========================================================================
Received Import Request.
  Time since last request: 6.824853 seconds.
  path: Assets/Code/Obstacle.cs
  artifactKey: Guid(9f77fead0a73335489c90bbddfe9aae1) Importer(815301076,1909f56bfc062723c751e8b465ee728b)
Start importing Assets/Code/Obstacle.cs using Guid(9f77fead0a73335489c90bbddfe9aae1) Importer(815301076,1909f56bfc062723c751e8b465ee728b)  -> (artifact id: '57a0b958c868e0f810c01fd23e558b55') in 0.112420 seconds 
========================================================================
Received Prepare
Registering precompiled user dll's ...
Registered in 0.048011 seconds.
Begin MonoManager ReloadAssembly
Symbol file LoadedFromMemory doesn't match image C:\Users\ALGORITMIKA\Documents\Dubkov-Nikita\Space Shooter\Library\PackageCache\com.unity.visualscripting@1.7.8\Editor\VisualScripting.Core\Dependencies\YamlDotNet\Unity.VisualScripting.YamlDotNet.dll
Symbol file LoadedFromMemory doesn't match image C:\Users\ALGORITMIKA\Documents\Dubkov-Nikita\Space Shooter\Library\PackageCache\com.unity.visualscripting@1.7.8\Editor\VisualScripting.Core\Dependencies\DotNetZip\Unity.VisualScripting.IonicZip.dll
Native extension for WindowsStandalone target not found
Native extension for Android target not found
Refreshing native plugins compatible for Editor in 3.61 ms, found 4 plugins.
Preloading 0 native plugins for Editor in 0.00 ms.
Mono: successfully reloaded assembly
- Completed reload, in 26.479 seconds
Domain Reload Profiling:
	ReloadAssembly (26489ms)
		BeginReloadAssembly (2184ms)
			ExecutionOrderSort (0ms)
			DisableScriptedObjects (260ms)
			BackupInstance (0ms)
			ReleaseScriptingObjects (0ms)
			CreateAndSetChildDomain (1126ms)
		EndReloadAssembly (23898ms)
			LoadAssemblies (865ms)
			RebuildTransferFunctionScriptingTraits (1ms)
			SetupTypeCache (1553ms)
			ReleaseScriptCaches (7ms)
			RebuildScriptCaches (297ms)
			SetupLoadedEditorAssemblies (21067ms)
				LogAssemblyErrors (0ms)
				InitializePlatformSupportModulesInManaged (498ms)
				SetLoadedEditorAssemblies (10ms)
				RefreshPlugins (4ms)
				BeforeProcessingInitializeOnLoad (6633ms)
				ProcessInitializeOnLoadAttributes (12829ms)
				ProcessInitializeOnLoadMethodAttributes (1034ms)
				AfterProcessingInitializeOnLoad (57ms)
				EditorAssembliesLoaded (2ms)
			ExecutionOrderSort2 (0ms)
			AwakeInstancesAfterBackupRestoration (41ms)
Platform modules already initialized, skipping
Script is not up to date after domain reload: guid(552bfa7c79a7e9040a501830c13790f9) path("Assets/Code/Item.cs") state(2)
Refreshing native plugins compatible for Editor in 21.69 ms, found 4 plugins.
Preloading 0 native plugins for Editor in 0.00 ms.
Unloading 4055 Unused Serialized files (Serialized files now loaded: 0)
Unloading 31 unused Assets / (189.8 KB). Loaded Objects now: 4585.
Memory consumption went from 155.7 MB to 155.5 MB.
Total: 24.841400 ms (FindLiveObjects: 1.064200 ms CreateObjectMapping: 0.886000 ms MarkObjects: 19.056700 ms  DeleteObjects: 3.830600 ms)

AssetImportParameters requested are different than current active one (requested -> active):
  custom:video-decoder-ogg-theora: a1e56fd34408186e4bbccfd4996cb3dc -> 
  custom:container-muxer-webm: aa71ff27fc2769a1b78a27578f13a17b -> 
  custom:container-demuxer-webm: 4f35f7cbe854078d1ac9338744f61a02 -> 
  custom:video-encoder-webm-vp8: eb34c28f22e8b96e1ab97ce403110664 -> 
  custom:audio-encoder-webm-vorbis: bf7c407c2cedff20999df2af8eb42d56 -> 
  custom:framework-win-MediaFoundation: 216162199b28c13a410421893ffa2e32 -> 
  custom:container-demuxer-ogg: 62fdf1f143b41e24485cea50d1cbac27 -> 
  custom:video-decoder-webm-vp8: 9c59270c3fd7afecdb556c50c9e8de78 -> 
  custom:audio-decoder-ogg-vorbis: bf7c407c2cedff20999df2af8eb42d56 -> 
========================================================================
Received Prepare
Registering precompiled user dll's ...
Registered in 0.029971 seconds.
Begin MonoManager ReloadAssembly
Symbol file LoadedFromMemory doesn't match image C:\Users\ALGORITMIKA\Documents\Dubkov-Nikita\Space Shooter\Library\PackageCache\com.unity.visualscripting@1.7.8\Editor\VisualScripting.Core\Dependencies\YamlDotNet\Unity.VisualScripting.YamlDotNet.dll
Symbol file LoadedFromMemory doesn't match image C:\Users\ALGORITMIKA\Documents\Dubkov-Nikita\Space Shooter\Library\PackageCache\com.unity.visualscripting@1.7.8\Editor\VisualScripting.Core\Dependencies\DotNetZip\Unity.VisualScripting.IonicZip.dll
Native extension for WindowsStandalone target not found
Native extension for Android target not found
Refreshing native plugins compatible for Editor in 2.55 ms, found 4 plugins.
Preloading 0 native plugins for Editor in 0.00 ms.
Mono: successfully reloaded assembly
- Completed reload, in  4.428 seconds
Domain Reload Profiling:
	ReloadAssembly (4430ms)
		BeginReloadAssembly (800ms)
			ExecutionOrderSort (0ms)
			DisableScriptedObjects (21ms)
			BackupInstance (0ms)
			ReleaseScriptingObjects (0ms)
			CreateAndSetChildDomain (135ms)
		EndReloadAssembly (3135ms)
			LoadAssemblies (936ms)
			RebuildTransferFunctionScriptingTraits (0ms)
			SetupTypeCache (1033ms)
			ReleaseScriptCaches (3ms)
			RebuildScriptCaches (139ms)
			SetupLoadedEditorAssemblies (1206ms)
				LogAssemblyErrors (0ms)
				InitializePlatformSupportModulesInManaged (75ms)
				SetLoadedEditorAssemblies (3ms)
				RefreshPlugins (3ms)
				BeforeProcessingInitializeOnLoad (276ms)
				ProcessInitializeOnLoadAttributes (684ms)
				ProcessInitializeOnLoadMethodAttributes (139ms)
				AfterProcessingInitializeOnLoad (26ms)
				EditorAssembliesLoaded (0ms)
			ExecutionOrderSort2 (0ms)
			AwakeInstancesAfterBackupRestoration (29ms)
Platform modules already initialized, skipping
Refreshing native plugins compatible for Editor in 19.59 ms, found 4 plugins.
Preloading 0 native plugins for Editor in 0.00 ms.
Unloading 4056 Unused Serialized files (Serialized files now loaded: 0)
Unloading 31 unused Assets / (189.8 KB). Loaded Objects now: 4589.
Memory consumption went from 155.8 MB to 155.6 MB.
Total: 12.380900 ms (FindLiveObjects: 2.081200 ms CreateObjectMapping: 0.638400 ms MarkObjects: 9.225200 ms  DeleteObjects: 0.433000 ms)

AssetImportParameters requested are different than current active one (requested -> active):
  custom:video-decoder-ogg-theora: a1e56fd34408186e4bbccfd4996cb3dc -> 
  custom:container-muxer-webm: aa71ff27fc2769a1b78a27578f13a17b -> 
  custom:container-demuxer-webm: 4f35f7cbe854078d1ac9338744f61a02 -> 
  custom:video-encoder-webm-vp8: eb34c28f22e8b96e1ab97ce403110664 -> 
  custom:audio-encoder-webm-vorbis: bf7c407c2cedff20999df2af8eb42d56 -> 
  custom:framework-win-MediaFoundation: 216162199b28c13a410421893ffa2e32 -> 
  custom:container-demuxer-ogg: 62fdf1f143b41e24485cea50d1cbac27 -> 
  custom:video-decoder-webm-vp8: 9c59270c3fd7afecdb556c50c9e8de78 -> 
  custom:audio-decoder-ogg-vorbis: bf7c407c2cedff20999df2af8eb42d56 -> 
========================================================================
Received Import Request.
  Time since last request: 97.818079 seconds.
  path: Assets/Code/Item.cs
  artifactKey: Guid(552bfa7c79a7e9040a501830c13790f9) Importer(815301076,1909f56bfc062723c751e8b465ee728b)
Start importing Assets/Code/Item.cs using Guid(552bfa7c79a7e9040a501830c13790f9) Importer(815301076,1909f56bfc062723c751e8b465ee728b)  -> (artifact id: '02386b3ea28cc904d4e3ae74bec01ea8') in 0.055001 seconds 
========================================================================
Received Import Request.
  Time since last request: 333.052673 seconds.
  path: Assets/Code/Item.cs
  artifactKey: Guid(552bfa7c79a7e9040a501830c13790f9) Importer(815301076,1909f56bfc062723c751e8b465ee728b)
Start importing Assets/Code/Item.cs using Guid(552bfa7c79a7e9040a501830c13790f9) Importer(815301076,1909f56bfc062723c751e8b465ee728b)  -> (artifact id: '1d01e4aa749d6f9824912a89469c4eed') in 0.091514 seconds 
========================================================================
Received Import Request.
  Time since last request: 6.196635 seconds.
  path: Assets/Code/Item.cs
  artifactKey: Guid(552bfa7c79a7e9040a501830c13790f9) Importer(815301076,1909f56bfc062723c751e8b465ee728b)
Start importing Assets/Code/Item.cs using Guid(552bfa7c79a7e9040a501830c13790f9) Importer(815301076,1909f56bfc062723c751e8b465ee728b)  -> (artifact id: '1d01e4aa749d6f9824912a89469c4eed') in 0.016597 seconds 
========================================================================
Received Import Request.
  Time since last request: 16.937907 seconds.
  path: Assets/Code/Obstacle.cs
  artifactKey: Guid(9f77fead0a73335489c90bbddfe9aae1) Importer(815301076,1909f56bfc062723c751e8b465ee728b)
Start importing Assets/Code/Obstacle.cs using Guid(9f77fead0a73335489c90bbddfe9aae1) Importer(815301076,1909f56bfc062723c751e8b465ee728b)  -> (artifact id: '6fea08dafc746dd9540786c23d47267d') in 0.050125 seconds 
========================================================================
Received Import Request.
  Time since last request: 132.239753 seconds.
  path: Assets/Code/Obstacle.cs
  artifactKey: Guid(9f77fead0a73335489c90bbddfe9aae1) Importer(815301076,1909f56bfc062723c751e8b465ee728b)
Start importing Assets/Code/Obstacle.cs using Guid(9f77fead0a73335489c90bbddfe9aae1) Importer(815301076,1909f56bfc062723c751e8b465ee728b)  -> (artifact id: 'f7965179b97a2e8aa2e6ff0300440c34') in 0.090594 seconds 
