Using pre-set license
Built from '2021.3/staging' branch; Version is '2021.3.5f1 (40eb3a945986) revision 4254522'; Using compiler version '192829333'; Build Type 'Release'
OS: 'Windows 10  (10.0.19045) 64bit CoreSingleLanguage' Language: 'ru' Physical Memory: 3274 MB
BatchMode: 1, IsHumanControllingUs: 0, StartBugReporterOnCrash: 0, Is64bit: 1, IsPro: 1

COMMAND LINE ARGUMENTS:
C:\Program Files\Unity\Hub\Editor\2021.3.5f1\Editor\Unity.exe
-adb2
-batchMode
-noUpm
-name
AssetImportWorker9
-projectPath
C:/Users/ALGORITMIKA/Documents/Nikita Dubkov/3D Platformer
-logFile
Logs/AssetImportWorker9.log
-srvPort
50440
Successfully changed project path to: C:/Users/ALGORITMIKA/Documents/Nikita Dubkov/3D Platformer
C:/Users/ALGORITMIKA/Documents/Nikita Dubkov/3D Platformer
[UnityMemory] Configuration Parameters - Can be set up in boot.config
    "memorysetup-bucket-allocator-granularity=16"
    "memorysetup-bucket-allocator-bucket-count=8"
    "memorysetup-bucket-allocator-block-size=33554432"
    "memorysetup-bucket-allocator-block-count=8"
    "memorysetup-main-allocator-block-size=16777216"
    "memorysetup-thread-allocator-block-size=16777216"
    "memorysetup-gfx-main-allocator-block-size=16777216"
    "memorysetup-gfx-thread-allocator-block-size=16777216"
    "memorysetup-cache-allocator-block-size=4194304"
    "memorysetup-typetree-allocator-block-size=2097152"
    "memorysetup-profiler-bucket-allocator-granularity=16"
    "memorysetup-profiler-bucket-allocator-bucket-count=8"
    "memorysetup-profiler-bucket-allocator-block-size=33554432"
    "memorysetup-profiler-bucket-allocator-block-count=8"
    "memorysetup-profiler-allocator-block-size=16777216"
    "memorysetup-profiler-editor-allocator-block-size=1048576"
    "memorysetup-temp-allocator-size-main=16777216"
    "memorysetup-job-temp-allocator-block-size=2097152"
    "memorysetup-job-temp-allocator-block-size-background=1048576"
    "memorysetup-job-temp-allocator-reduction-small-platforms=262144"
    "memorysetup-temp-allocator-size-background-worker=32768"
    "memorysetup-temp-allocator-size-job-worker=262144"
    "memorysetup-temp-allocator-size-preload-manager=33554432"
    "memorysetup-temp-allocator-size-nav-mesh-worker=65536"
    "memorysetup-temp-allocator-size-audio-worker=65536"
    "memorysetup-temp-allocator-size-cloud-worker=32768"
    "memorysetup-temp-allocator-size-gi-baking-worker=262144"
    "memorysetup-temp-allocator-size-gfx=262144"
Refreshing native plugins compatible for Editor in 427.18 ms, found 3 plugins.
Preloading 0 native plugins for Editor in 0.00 ms.
Initialize engine version: 2021.3.5f1 (40eb3a945986)
[Subsystems] Discovering subsystems at path C:/Program Files/Unity/Hub/Editor/2021.3.5f1/Editor/Data/Resources/UnitySubsystems
[Subsystems] Discovering subsystems at path C:/Users/ALGORITMIKA/Documents/Nikita Dubkov/3D Platformer/Assets
GfxDevice: creating device client; threaded=0; jobified=0
Direct3D:
    Version:  Direct3D 11.0 [level 11.0]
    Renderer: AMD Radeon HD 7620G (ID=0x9907)
    Vendor:   ATI
    VRAM:     2795 MB
    Driver:   15.201.1201.0
Initialize mono
Mono path[0] = 'C:/Program Files/Unity/Hub/Editor/2021.3.5f1/Editor/Data/Managed'
Mono path[1] = 'C:/Program Files/Unity/Hub/Editor/2021.3.5f1/Editor/Data/MonoBleedingEdge/lib/mono/unityjit-win32'
Mono config path = 'C:/Program Files/Unity/Hub/Editor/2021.3.5f1/Editor/Data/MonoBleedingEdge/etc'
Using monoOptions --debugger-agent=transport=dt_socket,embedding=1,server=y,suspend=n,address=127.0.0.1:56936
Begin MonoManager ReloadAssembly
Registering precompiled unity dll's ...
Register platform support module: C:/Program Files/Unity/Hub/Editor/2021.3.5f1/Editor/Data/PlaybackEngines/AndroidPlayer/UnityEditor.Android.Extensions.dll
Register platform support module: C:/Program Files/Unity/Hub/Editor/2021.3.5f1/Editor/Data/PlaybackEngines/WindowsStandaloneSupport/UnityEditor.WindowsStandalone.Extensions.dll
Registered in 0.027003 seconds.
Native extension for WindowsStandalone target not found
Native extension for Android target not found
Refreshing native plugins compatible for Editor in 445.26 ms, found 3 plugins.
Preloading 0 native plugins for Editor in 0.00 ms.
Mono: successfully reloaded assembly
- Completed reload, in  2.409 seconds
Domain Reload Profiling:
	ReloadAssembly (2411ms)
		BeginReloadAssembly (245ms)
			ExecutionOrderSort (0ms)
			DisableScriptedObjects (0ms)
			BackupInstance (0ms)
			ReleaseScriptingObjects (0ms)
			CreateAndSetChildDomain (2ms)
		EndReloadAssembly (1724ms)
			LoadAssemblies (240ms)
			RebuildTransferFunctionScriptingTraits (0ms)
			SetupTypeCache (395ms)
			ReleaseScriptCaches (0ms)
			RebuildScriptCaches (100ms)
			SetupLoadedEditorAssemblies (1067ms)
				LogAssemblyErrors (0ms)
				InitializePlatformSupportModulesInManaged (138ms)
				SetLoadedEditorAssemblies (1ms)
				RefreshPlugins (446ms)
				BeforeProcessingInitializeOnLoad (4ms)
				ProcessInitializeOnLoadAttributes (333ms)
				ProcessInitializeOnLoadMethodAttributes (146ms)
				AfterProcessingInitializeOnLoad (0ms)
				EditorAssembliesLoaded (0ms)
			ExecutionOrderSort2 (0ms)
			AwakeInstancesAfterBackupRestoration (0ms)
Platform modules already initialized, skipping
Registering precompiled user dll's ...
Registered in 0.051896 seconds.
Begin MonoManager ReloadAssembly
Symbol file LoadedFromMemory doesn't match image C:\Users\ALGORITMIKA\Documents\Nikita Dubkov\3D Platformer\Library\PackageCache\com.unity.visualscripting@1.7.8\Editor\VisualScripting.Core\Dependencies\YamlDotNet\Unity.VisualScripting.YamlDotNet.dll
Symbol file LoadedFromMemory doesn't match image C:\Users\ALGORITMIKA\Documents\Nikita Dubkov\3D Platformer\Library\PackageCache\com.unity.visualscripting@1.7.8\Editor\VisualScripting.Core\Dependencies\DotNetZip\Unity.VisualScripting.IonicZip.dll
Native extension for WindowsStandalone target not found
Native extension for Android target not found
Refreshing native plugins compatible for Editor in 405.05 ms, found 3 plugins.
Preloading 0 native plugins for Editor in 0.00 ms.
Mono: successfully reloaded assembly
- Completed reload, in 19.547 seconds
Domain Reload Profiling:
	ReloadAssembly (19550ms)
		BeginReloadAssembly (388ms)
			ExecutionOrderSort (0ms)
			DisableScriptedObjects (22ms)
			BackupInstance (0ms)
			ReleaseScriptingObjects (0ms)
			CreateAndSetChildDomain (61ms)
		EndReloadAssembly (18528ms)
			LoadAssemblies (9791ms)
			RebuildTransferFunctionScriptingTraits (0ms)
			SetupTypeCache (2874ms)
			ReleaseScriptCaches (2ms)
			RebuildScriptCaches (208ms)
			SetupLoadedEditorAssemblies (5534ms)
				LogAssemblyErrors (0ms)
				InitializePlatformSupportModulesInManaged (64ms)
				SetLoadedEditorAssemblies (1ms)
				RefreshPlugins (405ms)
				BeforeProcessingInitializeOnLoad (382ms)
				ProcessInitializeOnLoadAttributes (1762ms)
				ProcessInitializeOnLoadMethodAttributes (2894ms)
				AfterProcessingInitializeOnLoad (26ms)
				EditorAssembliesLoaded (1ms)
			ExecutionOrderSort2 (0ms)
			AwakeInstancesAfterBackupRestoration (17ms)
Platform modules already initialized, skipping
========================================================================
Worker process is ready to serve import requests
Launched and connected shader compiler UnityShaderCompiler.exe after 0.24 seconds
Refreshing native plugins compatible for Editor in 3.47 ms, found 3 plugins.
Preloading 0 native plugins for Editor in 0.00 ms.
Unloading 3922 Unused Serialized files (Serialized files now loaded: 0)
Unloading 42 unused Assets / (154.0 KB). Loaded Objects now: 4411.
Memory consumption went from 156.2 MB to 156.1 MB.
Total: 22.691000 ms (FindLiveObjects: 1.598200 ms CreateObjectMapping: 1.392200 ms MarkObjects: 19.184300 ms  DeleteObjects: 0.511300 ms)

AssetImportParameters requested are different than current active one (requested -> active):
  custom:video-decoder-ogg-theora: a1e56fd34408186e4bbccfd4996cb3dc -> 
  custom:container-muxer-webm: aa71ff27fc2769a1b78a27578f13a17b -> 
  custom:container-demuxer-webm: 4f35f7cbe854078d1ac9338744f61a02 -> 
  custom:video-encoder-webm-vp8: eb34c28f22e8b96e1ab97ce403110664 -> 
  custom:audio-encoder-webm-vorbis: bf7c407c2cedff20999df2af8eb42d56 -> 
  custom:framework-win-MediaFoundation: 216162199b28c13a410421893ffa2e32 -> 
  custom:container-demuxer-ogg: 62fdf1f143b41e24485cea50d1cbac27 -> 
  custom:video-decoder-webm-vp8: 9c59270c3fd7afecdb556c50c9e8de78 -> 
  custom:audio-decoder-ogg-vorbis: bf7c407c2cedff20999df2af8eb42d56 -> 
========================================================================
Received Import Request.
  Time since last request: 1038143.131184 seconds.
  path: Assets/Level_1/ThirdParty/Wizard/Animations/JumpUp.fbx
  artifactKey: Guid(d84eaa1354c31fa49a71e96cc487d56f) Importer(815301076,1909f56bfc062723c751e8b465ee728b)
Start importing Assets/Level_1/ThirdParty/Wizard/Animations/JumpUp.fbx using Guid(d84eaa1354c31fa49a71e96cc487d56f) Importer(815301076,1909f56bfc062723c751e8b465ee728b)  -> (artifact id: '82f14d905d8456b7820220d10da52b3b') in 0.778833 seconds 
========================================================================
Received Import Request.
  Time since last request: 0.000241 seconds.
  path: Assets/Level_1/ThirdParty/Wizard/Animations/JumpAirAttack.fbx
  artifactKey: Guid(0ea920bff0bc70345a1ac988ac997e73) Importer(815301076,1909f56bfc062723c751e8b465ee728b)
Start importing Assets/Level_1/ThirdParty/Wizard/Animations/JumpAirAttack.fbx using Guid(0ea920bff0bc70345a1ac988ac997e73) Importer(815301076,1909f56bfc062723c751e8b465ee728b)  -> (artifact id: '3fc6c7ad71c30eb1904a6785e06fab37') in 0.137970 seconds 
========================================================================
Received Import Request.
  Time since last request: 0.000090 seconds.
  path: Assets/Level_1/ThirdParty/Wizard/Animations/WalkForward.fbx
  artifactKey: Guid(8254954c6c0cf98469be07a2c0a87db8) Importer(815301076,1909f56bfc062723c751e8b465ee728b)
Start importing Assets/Level_1/ThirdParty/Wizard/Animations/WalkForward.fbx using Guid(8254954c6c0cf98469be07a2c0a87db8) Importer(815301076,1909f56bfc062723c751e8b465ee728b)  -> (artifact id: '4c9b1f738e2870f1cc3cd6a2f61e027c') in 0.168186 seconds 
========================================================================
Received Import Request.
  Time since last request: 0.000215 seconds.
  path: Assets/Level_1/ThirdParty/Wizard/Animations/JumpEnd.fbx
  artifactKey: Guid(a89727a6c7e9e224f9079feba5ba3ace) Importer(815301076,1909f56bfc062723c751e8b465ee728b)
Start importing Assets/Level_1/ThirdParty/Wizard/Animations/JumpEnd.fbx using Guid(a89727a6c7e9e224f9079feba5ba3ace) Importer(815301076,1909f56bfc062723c751e8b465ee728b)  -> (artifact id: 'c1c3d83c1edb22b62d4bb8c72b7a2573') in 0.180798 seconds 
========================================================================
Received Import Request.
  Time since last request: 0.000098 seconds.
  path: Assets/Level_1/ThirdParty/Wizard/Animations/PickUp.fbx
  artifactKey: Guid(9cf799ef67aa99a48bfffcb222ef873f) Importer(815301076,1909f56bfc062723c751e8b465ee728b)
Start importing Assets/Level_1/ThirdParty/Wizard/Animations/PickUp.fbx using Guid(9cf799ef67aa99a48bfffcb222ef873f) Importer(815301076,1909f56bfc062723c751e8b465ee728b)  -> (artifact id: 'ff5f15d5c396f6caaff941b7fdb56171') in 0.241823 seconds 
========================================================================
Received Import Request.
  Time since last request: 0.000093 seconds.
  path: Assets/Level_1/ThirdParty/Wizard/Animations/JumpAir.fbx
  artifactKey: Guid(4c2b27c0e8327b840ab5f916209ba36a) Importer(815301076,1909f56bfc062723c751e8b465ee728b)
Start importing Assets/Level_1/ThirdParty/Wizard/Animations/JumpAir.fbx using Guid(4c2b27c0e8327b840ab5f916209ba36a) Importer(815301076,1909f56bfc062723c751e8b465ee728b)  -> (artifact id: '0bc6e3588fb9f6ec1ee331472fa59d78') in 0.272863 seconds 
========================================================================
Received Import Request.
  Time since last request: 0.000119 seconds.
  path: Assets/Level_1/ThirdParty/Wizard/Animations/VictoryMaintain.fbx
  artifactKey: Guid(b016241d6c755924faa72ef01f6917f3) Importer(815301076,1909f56bfc062723c751e8b465ee728b)
Start importing Assets/Level_1/ThirdParty/Wizard/Animations/VictoryMaintain.fbx using Guid(b016241d6c755924faa72ef01f6917f3) Importer(815301076,1909f56bfc062723c751e8b465ee728b)  -> (artifact id: 'b609c3ca7d721edbdf8eb97a25cf1ccb') in 0.196902 seconds 
========================================================================
Received Import Request.
  Time since last request: 0.000182 seconds.
  path: Assets/Level_1/ThirdParty/Wizard/Animations/WizardAnim.controller
  artifactKey: Guid(e50a625bd950ba14f9601fcade667006) Importer(815301076,1909f56bfc062723c751e8b465ee728b)
Start importing Assets/Level_1/ThirdParty/Wizard/Animations/WizardAnim.controller using Guid(e50a625bd950ba14f9601fcade667006) Importer(815301076,1909f56bfc062723c751e8b465ee728b)  -> (artifact id: '13b97f93f2e7d3694801b6bb1ec70398') in 0.051690 seconds 
========================================================================
Received Import Request.
  Time since last request: 322.576365 seconds.
  path: Assets/Level_1/ThirdParty/FireEffect/OtherAssets/Graphics/cfxr smoke cloud x4 ab lit soft individual.mat
  artifactKey: Guid(75bda02c67d09b04399d1912243a32b2) Importer(815301076,1909f56bfc062723c751e8b465ee728b)
Start importing Assets/Level_1/ThirdParty/FireEffect/OtherAssets/Graphics/cfxr smoke cloud x4 ab lit soft individual.mat using Guid(75bda02c67d09b04399d1912243a32b2) Importer(815301076,1909f56bfc062723c751e8b465ee728b)  -> (artifact id: '4514a98defd926623aa42020ecb136bf') in 0.721284 seconds 
========================================================================
Received Import Request.
  Time since last request: 0.000066 seconds.
  path: Assets/Level_1/ThirdParty/Polylised - Medieval Desert City/Prefabs/prefab_civilian_buildings/civilian_bridge_2_a.prefab
  artifactKey: Guid(4f697ab24631edb4bba1e3830c27f917) Importer(815301076,1909f56bfc062723c751e8b465ee728b)
Start importing Assets/Level_1/ThirdParty/Polylised - Medieval Desert City/Prefabs/prefab_civilian_buildings/civilian_bridge_2_a.prefab using Guid(4f697ab24631edb4bba1e3830c27f917) Importer(815301076,1909f56bfc062723c751e8b465ee728b)  -> (artifact id: '0ec0e551f51b557759cc843c6ddf9e4f') in 0.103280 seconds 
========================================================================
Received Import Request.
  Time since last request: 0.000077 seconds.
  path: Assets/Level_1/ThirdParty/Polylised - Medieval Desert City/Prefabs/prefab_civilian_buildings/civilian_bridge_1_b.prefab
  artifactKey: Guid(e131b8edd216f3f44b6b7c51d084bd92) Importer(815301076,1909f56bfc062723c751e8b465ee728b)
Start importing Assets/Level_1/ThirdParty/Polylised - Medieval Desert City/Prefabs/prefab_civilian_buildings/civilian_bridge_1_b.prefab using Guid(e131b8edd216f3f44b6b7c51d084bd92) Importer(815301076,1909f56bfc062723c751e8b465ee728b)  -> (artifact id: 'a8baa0aa1d081f27557c59989be32f98') in 0.095872 seconds 
========================================================================
Received Import Request.
  Time since last request: 0.000057 seconds.
  path: Assets/Level_1/ThirdParty/FireEffect/OtherAssets/Graphics/cfxr smoke cloud x4 ab lit soft individual bright shadow.mat
  artifactKey: Guid(2cb5eb823b3ed694da756f5a2070e45d) Importer(815301076,1909f56bfc062723c751e8b465ee728b)
Start importing Assets/Level_1/ThirdParty/FireEffect/OtherAssets/Graphics/cfxr smoke cloud x4 ab lit soft individual bright shadow.mat using Guid(2cb5eb823b3ed694da756f5a2070e45d) Importer(815301076,1909f56bfc062723c751e8b465ee728b)  -> (artifact id: '3b3137b520cad86e9df084375946ee74') in 0.070139 seconds 
========================================================================
Received Import Request.
  Time since last request: 0.000071 seconds.
  path: Assets/Level_1/ThirdParty/Polylised - Medieval Desert City/Models/Unique_Buildings/citadel_bridge.FBX
  artifactKey: Guid(3bb9d063a89b65548ad1df3aa1919330) Importer(815301076,1909f56bfc062723c751e8b465ee728b)
Start importing Assets/Level_1/ThirdParty/Polylised - Medieval Desert City/Models/Unique_Buildings/citadel_bridge.FBX using Guid(3bb9d063a89b65548ad1df3aa1919330) Importer(815301076,1909f56bfc062723c751e8b465ee728b)  -> (artifact id: '69219f200eb9a00c99587d0d34e2da43') in 0.211530 seconds 
========================================================================
Received Import Request.
  Time since last request: 0.000073 seconds.
  path: Assets/Level_1/ThirdParty/Polylised - Medieval Desert City/Prefabs/prefab_unique_buildings/citadel_bridge.prefab
  artifactKey: Guid(47787e06b20293d4da1261c91fa4aafb) Importer(815301076,1909f56bfc062723c751e8b465ee728b)
Start importing Assets/Level_1/ThirdParty/Polylised - Medieval Desert City/Prefabs/prefab_unique_buildings/citadel_bridge.prefab using Guid(47787e06b20293d4da1261c91fa4aafb) Importer(815301076,1909f56bfc062723c751e8b465ee728b)  -> (artifact id: '6f9c59e7979dd20e3a7d9fd87b23e85e') in 0.091501 seconds 
========================================================================
Received Import Request.
  Time since last request: 0.000127 seconds.
  path: Assets/Level_1/ThirdParty/Polylised - Medieval Desert City/Prefabs/prefab_civilian_buildings/civilian_bridge_1_a.prefab
  artifactKey: Guid(67250b40a6676684c8c551e4a1fddcdf) Importer(815301076,1909f56bfc062723c751e8b465ee728b)
Start importing Assets/Level_1/ThirdParty/Polylised - Medieval Desert City/Prefabs/prefab_civilian_buildings/civilian_bridge_1_a.prefab using Guid(67250b40a6676684c8c551e4a1fddcdf) Importer(815301076,1909f56bfc062723c751e8b465ee728b)  -> (artifact id: '5134e9e0b9dc60267007a2ac9262c63b') in 0.106417 seconds 
========================================================================
Received Import Request.
  Time since last request: 0.000063 seconds.
  path: Assets/Level_1/ThirdParty/Polylised - Medieval Desert City/Prefabs/prefab_civilian_buildings/civilian_bridge_1_c.prefab
  artifactKey: Guid(ab2f50faa3d91bc4aaebd0b9e5afeabb) Importer(815301076,1909f56bfc062723c751e8b465ee728b)
Start importing Assets/Level_1/ThirdParty/Polylised - Medieval Desert City/Prefabs/prefab_civilian_buildings/civilian_bridge_1_c.prefab using Guid(ab2f50faa3d91bc4aaebd0b9e5afeabb) Importer(815301076,1909f56bfc062723c751e8b465ee728b)  -> (artifact id: 'ed0427e4e399d9cf54306e6dd755ee1c') in 0.093435 seconds 
========================================================================
Received Import Request.
  Time since last request: 0.576699 seconds.
  path: Assets/Level_1/ThirdParty/FireEffect/OtherAssets/Graphics/cfxr flamme blur mid fine hdr ab.mat
  artifactKey: Guid(2925b559433ea934aa621370ff411a6b) Importer(815301076,1909f56bfc062723c751e8b465ee728b)
Start importing Assets/Level_1/ThirdParty/FireEffect/OtherAssets/Graphics/cfxr flamme blur mid fine hdr ab.mat using Guid(2925b559433ea934aa621370ff411a6b) Importer(815301076,1909f56bfc062723c751e8b465ee728b)  -> (artifact id: 'd2f918f696dd3a3f747ea47945ff84ef') in 0.525088 seconds 
========================================================================
Received Import Request.
  Time since last request: 0.000078 seconds.
  path: Assets/Level_1/ThirdParty/FireEffect/OtherAssets/Graphics/cfxr flamme plain mid fine hdr ab.mat
  artifactKey: Guid(e00e5f048f949bc4dac1b85325a691bf) Importer(815301076,1909f56bfc062723c751e8b465ee728b)
Start importing Assets/Level_1/ThirdParty/FireEffect/OtherAssets/Graphics/cfxr flamme plain mid fine hdr ab.mat using Guid(e00e5f048f949bc4dac1b85325a691bf) Importer(815301076,1909f56bfc062723c751e8b465ee728b)  -> (artifact id: '05ecf6ca0fe6dda737c46a757d95d49d') in 0.147526 seconds 
========================================================================
Received Import Request.
  Time since last request: 0.000092 seconds.
  path: Assets/Level_1/ThirdParty/FireEffect/OtherAssets/Graphics/cfxr flamme plain mid hdr ab.mat
  artifactKey: Guid(79806570957f1ae44a69055e0fad62f0) Importer(815301076,1909f56bfc062723c751e8b465ee728b)
Start importing Assets/Level_1/ThirdParty/FireEffect/OtherAssets/Graphics/cfxr flamme plain mid hdr ab.mat using Guid(79806570957f1ae44a69055e0fad62f0) Importer(815301076,1909f56bfc062723c751e8b465ee728b)  -> (artifact id: '5343edd8d463e9f503f0429821d15759') in 0.138373 seconds 
========================================================================
Received Import Request.
  Time since last request: 8.339646 seconds.
  path: Assets/Level_1/ThirdParty/Wizard/Animations/Idle01.fbx
  artifactKey: Guid(c24d7c58cefa37a4a84ebd75f98bcfc7) Importer(815301076,1909f56bfc062723c751e8b465ee728b)
Start importing Assets/Level_1/ThirdParty/Wizard/Animations/Idle01.fbx using Guid(c24d7c58cefa37a4a84ebd75f98bcfc7) Importer(815301076,1909f56bfc062723c751e8b465ee728b)  -> (artifact id: 'cbefc79bcd629945bf04b83e75cf7973') in 0.141365 seconds 
========================================================================
Received Import Request.
  Time since last request: 0.000216 seconds.
  path: Assets/Level_1/ThirdParty/Wizard/Animations/Idle02.fbx
  artifactKey: Guid(b66c3422f4986334c9ff55882cf84247) Importer(815301076,1909f56bfc062723c751e8b465ee728b)
Start importing Assets/Level_1/ThirdParty/Wizard/Animations/Idle02.fbx using Guid(b66c3422f4986334c9ff55882cf84247) Importer(815301076,1909f56bfc062723c751e8b465ee728b)  -> (artifact id: '0ba97e1afaa0c6da25257a7ad57b3760') in 0.125605 seconds 
========================================================================
Received Import Request.
  Time since last request: 178.826773 seconds.
  path: Assets/Level_1/ThirdParty/Wizard/Animations/Attack02Maintain.fbx
  artifactKey: Guid(772ab72bc9a5db54bbf0865469eecc37) Importer(815301076,1909f56bfc062723c751e8b465ee728b)
Start importing Assets/Level_1/ThirdParty/Wizard/Animations/Attack02Maintain.fbx using Guid(772ab72bc9a5db54bbf0865469eecc37) Importer(815301076,1909f56bfc062723c751e8b465ee728b)  -> (artifact id: 'd19f4796f1df3d0d9cc29903fb2d7e7b') in 0.137570 seconds 
========================================================================
Received Import Request.
  Time since last request: 0.000119 seconds.
  path: Assets/Level_1/ThirdParty/Wizard/Animations/Attack02Start.fbx
  artifactKey: Guid(7fdb60c8dc5c5ed429ede0d591bce079) Importer(815301076,1909f56bfc062723c751e8b465ee728b)
Start importing Assets/Level_1/ThirdParty/Wizard/Animations/Attack02Start.fbx using Guid(7fdb60c8dc5c5ed429ede0d591bce079) Importer(815301076,1909f56bfc062723c751e8b465ee728b)  -> (artifact id: '0e65c61597822f37719240b3ef832f67') in 0.163217 seconds 
========================================================================
Received Import Request.
  Time since last request: 0.000075 seconds.
  path: Assets/Level_1/ThirdParty/Wizard/Animations/Attack03Maintain.fbx
  artifactKey: Guid(84360086255e9b24eb56fb310a84754e) Importer(815301076,1909f56bfc062723c751e8b465ee728b)
Start importing Assets/Level_1/ThirdParty/Wizard/Animations/Attack03Maintain.fbx using Guid(84360086255e9b24eb56fb310a84754e) Importer(815301076,1909f56bfc062723c751e8b465ee728b)  -> (artifact id: '80db88ed5841e57a7e4c232212bbded1') in 0.159091 seconds 
========================================================================
Received Import Request.
  Time since last request: 0.000060 seconds.
  path: Assets/Level_1/ThirdParty/Wizard/Animations/BattleWalkBack.fbx
  artifactKey: Guid(61d53a1bd108efb4a8f50f729e2b15bb) Importer(815301076,1909f56bfc062723c751e8b465ee728b)
Start importing Assets/Level_1/ThirdParty/Wizard/Animations/BattleWalkBack.fbx using Guid(61d53a1bd108efb4a8f50f729e2b15bb) Importer(815301076,1909f56bfc062723c751e8b465ee728b)  -> (artifact id: '4119026ce39b8e12e729e94692d04d35') in 0.146201 seconds 
========================================================================
Received Import Request.
  Time since last request: 0.000060 seconds.
  path: Assets/Level_1/ThirdParty/Wizard/Animations/BattleWalkForward.fbx
  artifactKey: Guid(d08cb4da34e0ede4c82e968040ea86c4) Importer(815301076,1909f56bfc062723c751e8b465ee728b)
Start importing Assets/Level_1/ThirdParty/Wizard/Animations/BattleWalkForward.fbx using Guid(d08cb4da34e0ede4c82e968040ea86c4) Importer(815301076,1909f56bfc062723c751e8b465ee728b)  -> (artifact id: '191b878cc6215349784a2785d2295e46') in 0.147907 seconds 
========================================================================
Received Import Request.
  Time since last request: 0.000317 seconds.
  path: Assets/Level_1/ThirdParty/Wizard/Animations/DefendHit.fbx
  artifactKey: Guid(e7da2deb9071c004cb067139c9064ae4) Importer(815301076,1909f56bfc062723c751e8b465ee728b)
Start importing Assets/Level_1/ThirdParty/Wizard/Animations/DefendHit.fbx using Guid(e7da2deb9071c004cb067139c9064ae4) Importer(815301076,1909f56bfc062723c751e8b465ee728b)  -> (artifact id: 'ed18fd8c3bd1d0b2769e6a3afbee4f68') in 0.195902 seconds 
========================================================================
Received Import Request.
  Time since last request: 0.000060 seconds.
  path: Assets/Level_1/ThirdParty/Wizard/Animations/BattleRunForward.fbx
  artifactKey: Guid(057ecc6c28778d141a1ce011ee4a6b22) Importer(815301076,1909f56bfc062723c751e8b465ee728b)
Start importing Assets/Level_1/ThirdParty/Wizard/Animations/BattleRunForward.fbx using Guid(057ecc6c28778d141a1ce011ee4a6b22) Importer(815301076,1909f56bfc062723c751e8b465ee728b)  -> (artifact id: '483b34a4ea3630fe385c6b87b9bddb48') in 0.178081 seconds 
========================================================================
Received Import Request.
  Time since last request: 0.000079 seconds.
  path: Assets/Level_1/ThirdParty/Wizard/Animations/GetHit.fbx
  artifactKey: Guid(2f592d5d1c1add446a8b3c2ff3f18a4e) Importer(815301076,1909f56bfc062723c751e8b465ee728b)
Start importing Assets/Level_1/ThirdParty/Wizard/Animations/GetHit.fbx using Guid(2f592d5d1c1add446a8b3c2ff3f18a4e) Importer(815301076,1909f56bfc062723c751e8b465ee728b)  -> (artifact id: '865a5e86b65b26fbf5f0d17e25491192') in 0.176741 seconds 
========================================================================
Received Import Request.
  Time since last request: 0.000064 seconds.
  path: Assets/Level_1/ThirdParty/Wizard/Animations/Dizzy.fbx
  artifactKey: Guid(7d2e0a865aa3eca4a9fa04b999ad8f25) Importer(815301076,1909f56bfc062723c751e8b465ee728b)
Start importing Assets/Level_1/ThirdParty/Wizard/Animations/Dizzy.fbx using Guid(7d2e0a865aa3eca4a9fa04b999ad8f25) Importer(815301076,1909f56bfc062723c751e8b465ee728b)  -> (artifact id: 'f0cab2675e2df9ea55935ef75b552aa1') in 0.173340 seconds 
========================================================================
Received Prepare
Registering precompiled user dll's ...
Registered in 0.101356 seconds.
Begin MonoManager ReloadAssembly
Symbol file LoadedFromMemory doesn't match image C:\Users\ALGORITMIKA\Documents\Nikita Dubkov\3D Platformer\Library\PackageCache\com.unity.visualscripting@1.7.8\Editor\VisualScripting.Core\Dependencies\YamlDotNet\Unity.VisualScripting.YamlDotNet.dll
Symbol file LoadedFromMemory doesn't match image C:\Users\ALGORITMIKA\Documents\Nikita Dubkov\3D Platformer\Library\PackageCache\com.unity.visualscripting@1.7.8\Editor\VisualScripting.Core\Dependencies\DotNetZip\Unity.VisualScripting.IonicZip.dll
Native extension for WindowsStandalone target not found
Native extension for Android target not found
Refreshing native plugins compatible for Editor in 8.56 ms, found 3 plugins.
Preloading 0 native plugins for Editor in 0.00 ms.
Mono: successfully reloaded assembly
- Completed reload, in  8.266 seconds
Domain Reload Profiling:
	ReloadAssembly (8300ms)
		BeginReloadAssembly (3023ms)
			ExecutionOrderSort (0ms)
			DisableScriptedObjects (104ms)
			BackupInstance (0ms)
			ReleaseScriptingObjects (3ms)
			CreateAndSetChildDomain (1314ms)
		EndReloadAssembly (4770ms)
			LoadAssemblies (1260ms)
			RebuildTransferFunctionScriptingTraits (5ms)
			SetupTypeCache (1351ms)
			ReleaseScriptCaches (7ms)
			RebuildScriptCaches (195ms)
			SetupLoadedEditorAssemblies (1979ms)
				LogAssemblyErrors (0ms)
				InitializePlatformSupportModulesInManaged (204ms)
				SetLoadedEditorAssemblies (3ms)
				RefreshPlugins (9ms)
				BeforeProcessingInitializeOnLoad (266ms)
				ProcessInitializeOnLoadAttributes (1190ms)
				ProcessInitializeOnLoadMethodAttributes (253ms)
				AfterProcessingInitializeOnLoad (54ms)
				EditorAssembliesLoaded (1ms)
			ExecutionOrderSort2 (0ms)
			AwakeInstancesAfterBackupRestoration (23ms)
Platform modules already initialized, skipping
Refreshing native plugins compatible for Editor in 31.92 ms, found 3 plugins.
Preloading 0 native plugins for Editor in 0.00 ms.
Unloading 3896 Unused Serialized files (Serialized files now loaded: 0)
Unloading 22 unused Assets / (122.0 KB). Loaded Objects now: 4469.
Memory consumption went from 171.7 MB to 171.6 MB.
Total: 21.643400 ms (FindLiveObjects: 1.397100 ms CreateObjectMapping: 1.044200 ms MarkObjects: 18.694400 ms  DeleteObjects: 0.496500 ms)

AssetImportParameters requested are different than current active one (requested -> active):
  custom:video-decoder-ogg-theora: a1e56fd34408186e4bbccfd4996cb3dc -> 
  custom:container-muxer-webm: aa71ff27fc2769a1b78a27578f13a17b -> 
  custom:container-demuxer-webm: 4f35f7cbe854078d1ac9338744f61a02 -> 
  custom:video-encoder-webm-vp8: eb34c28f22e8b96e1ab97ce403110664 -> 
  custom:audio-encoder-webm-vorbis: bf7c407c2cedff20999df2af8eb42d56 -> 
  custom:framework-win-MediaFoundation: 216162199b28c13a410421893ffa2e32 -> 
  custom:container-demuxer-ogg: 62fdf1f143b41e24485cea50d1cbac27 -> 
  custom:video-decoder-webm-vp8: 9c59270c3fd7afecdb556c50c9e8de78 -> 
  custom:audio-decoder-ogg-vorbis: bf7c407c2cedff20999df2af8eb42d56 -> 
========================================================================
Received Prepare
Registering precompiled user dll's ...
Registered in 0.095609 seconds.
Begin MonoManager ReloadAssembly
Symbol file LoadedFromMemory doesn't match image C:\Users\ALGORITMIKA\Documents\Nikita Dubkov\3D Platformer\Library\PackageCache\com.unity.visualscripting@1.7.8\Editor\VisualScripting.Core\Dependencies\YamlDotNet\Unity.VisualScripting.YamlDotNet.dll
Symbol file LoadedFromMemory doesn't match image C:\Users\ALGORITMIKA\Documents\Nikita Dubkov\3D Platformer\Library\PackageCache\com.unity.visualscripting@1.7.8\Editor\VisualScripting.Core\Dependencies\DotNetZip\Unity.VisualScripting.IonicZip.dll
Native extension for WindowsStandalone target not found
Native extension for Android target not found
Refreshing native plugins compatible for Editor in 3.03 ms, found 3 plugins.
Preloading 0 native plugins for Editor in 0.00 ms.
Mono: successfully reloaded assembly
- Completed reload, in  7.759 seconds
Domain Reload Profiling:
	ReloadAssembly (7761ms)
		BeginReloadAssembly (960ms)
			ExecutionOrderSort (0ms)
			DisableScriptedObjects (42ms)
			BackupInstance (0ms)
			ReleaseScriptingObjects (1ms)
			CreateAndSetChildDomain (202ms)
		EndReloadAssembly (6009ms)
			LoadAssemblies (1034ms)
			RebuildTransferFunctionScriptingTraits (0ms)
			SetupTypeCache (1289ms)
			ReleaseScriptCaches (4ms)
			RebuildScriptCaches (173ms)
			SetupLoadedEditorAssemblies (3734ms)
				LogAssemblyErrors (0ms)
				InitializePlatformSupportModulesInManaged (126ms)
				SetLoadedEditorAssemblies (2ms)
				RefreshPlugins (3ms)
				BeforeProcessingInitializeOnLoad (1054ms)
				ProcessInitializeOnLoadAttributes (2423ms)
				ProcessInitializeOnLoadMethodAttributes (104ms)
				AfterProcessingInitializeOnLoad (21ms)
				EditorAssembliesLoaded (1ms)
			ExecutionOrderSort2 (0ms)
			AwakeInstancesAfterBackupRestoration (17ms)
Platform modules already initialized, skipping
Refreshing native plugins compatible for Editor in 16.69 ms, found 3 plugins.
Preloading 0 native plugins for Editor in 0.00 ms.
Unloading 3896 Unused Serialized files (Serialized files now loaded: 0)
Unloading 21 unused Assets / (122.0 KB). Loaded Objects now: 4484.
Memory consumption went from 171.7 MB to 171.6 MB.
Total: 13.133600 ms (FindLiveObjects: 0.903600 ms CreateObjectMapping: 0.854400 ms MarkObjects: 10.947100 ms  DeleteObjects: 0.423600 ms)

AssetImportParameters requested are different than current active one (requested -> active):
  custom:video-decoder-ogg-theora: a1e56fd34408186e4bbccfd4996cb3dc -> 
  custom:container-muxer-webm: aa71ff27fc2769a1b78a27578f13a17b -> 
  custom:container-demuxer-webm: 4f35f7cbe854078d1ac9338744f61a02 -> 
  custom:video-encoder-webm-vp8: eb34c28f22e8b96e1ab97ce403110664 -> 
  custom:audio-encoder-webm-vorbis: bf7c407c2cedff20999df2af8eb42d56 -> 
  custom:framework-win-MediaFoundation: 216162199b28c13a410421893ffa2e32 -> 
  custom:container-demuxer-ogg: 62fdf1f143b41e24485cea50d1cbac27 -> 
  custom:video-decoder-webm-vp8: 9c59270c3fd7afecdb556c50c9e8de78 -> 
  custom:audio-decoder-ogg-vorbis: bf7c407c2cedff20999df2af8eb42d56 -> 
========================================================================
Received Prepare
Registering precompiled user dll's ...
Registered in 0.025047 seconds.
Begin MonoManager ReloadAssembly
Symbol file LoadedFromMemory doesn't match image C:\Users\ALGORITMIKA\Documents\Nikita Dubkov\3D Platformer\Library\PackageCache\com.unity.visualscripting@1.7.8\Editor\VisualScripting.Core\Dependencies\YamlDotNet\Unity.VisualScripting.YamlDotNet.dll
Symbol file LoadedFromMemory doesn't match image C:\Users\ALGORITMIKA\Documents\Nikita Dubkov\3D Platformer\Library\PackageCache\com.unity.visualscripting@1.7.8\Editor\VisualScripting.Core\Dependencies\DotNetZip\Unity.VisualScripting.IonicZip.dll
Native extension for WindowsStandalone target not found
Native extension for Android target not found
Refreshing native plugins compatible for Editor in 6.37 ms, found 3 plugins.
Preloading 0 native plugins for Editor in 0.00 ms.
Mono: successfully reloaded assembly
- Completed reload, in  6.944 seconds
Domain Reload Profiling:
	ReloadAssembly (6946ms)
		BeginReloadAssembly (692ms)
			ExecutionOrderSort (0ms)
			DisableScriptedObjects (22ms)
			BackupInstance (0ms)
			ReleaseScriptingObjects (0ms)
			CreateAndSetChildDomain (192ms)
		EndReloadAssembly (5741ms)
			LoadAssemblies (591ms)
			RebuildTransferFunctionScriptingTraits (0ms)
			SetupTypeCache (2187ms)
			ReleaseScriptCaches (8ms)
			RebuildScriptCaches (260ms)
			SetupLoadedEditorAssemblies (2464ms)
				LogAssemblyErrors (0ms)
				InitializePlatformSupportModulesInManaged (152ms)
				SetLoadedEditorAssemblies (3ms)
				RefreshPlugins (7ms)
				BeforeProcessingInitializeOnLoad (475ms)
				ProcessInitializeOnLoadAttributes (1678ms)
				ProcessInitializeOnLoadMethodAttributes (120ms)
				AfterProcessingInitializeOnLoad (28ms)
				EditorAssembliesLoaded (3ms)
			ExecutionOrderSort2 (0ms)
			AwakeInstancesAfterBackupRestoration (43ms)
Platform modules already initialized, skipping
Refreshing native plugins compatible for Editor in 71.77 ms, found 3 plugins.
Preloading 0 native plugins for Editor in 0.00 ms.
Unloading 3896 Unused Serialized files (Serialized files now loaded: 0)
Unloading 21 unused Assets / (122.0 KB). Loaded Objects now: 4499.
Memory consumption went from 171.7 MB to 171.6 MB.
Total: 13.745300 ms (FindLiveObjects: 1.047000 ms CreateObjectMapping: 0.460200 ms MarkObjects: 11.968900 ms  DeleteObjects: 0.263300 ms)

AssetImportParameters requested are different than current active one (requested -> active):
  custom:video-decoder-ogg-theora: a1e56fd34408186e4bbccfd4996cb3dc -> 
  custom:container-muxer-webm: aa71ff27fc2769a1b78a27578f13a17b -> 
  custom:container-demuxer-webm: 4f35f7cbe854078d1ac9338744f61a02 -> 
  custom:video-encoder-webm-vp8: eb34c28f22e8b96e1ab97ce403110664 -> 
  custom:audio-encoder-webm-vorbis: bf7c407c2cedff20999df2af8eb42d56 -> 
  custom:framework-win-MediaFoundation: 216162199b28c13a410421893ffa2e32 -> 
  custom:container-demuxer-ogg: 62fdf1f143b41e24485cea50d1cbac27 -> 
  custom:video-decoder-webm-vp8: 9c59270c3fd7afecdb556c50c9e8de78 -> 
  custom:audio-decoder-ogg-vorbis: bf7c407c2cedff20999df2af8eb42d56 -> 
========================================================================
Received Prepare
Registering precompiled user dll's ...
Registered in 0.023269 seconds.
Begin MonoManager ReloadAssembly
Symbol file LoadedFromMemory doesn't match image C:\Users\ALGORITMIKA\Documents\Nikita Dubkov\3D Platformer\Library\PackageCache\com.unity.visualscripting@1.7.8\Editor\VisualScripting.Core\Dependencies\YamlDotNet\Unity.VisualScripting.YamlDotNet.dll
Symbol file LoadedFromMemory doesn't match image C:\Users\ALGORITMIKA\Documents\Nikita Dubkov\3D Platformer\Library\PackageCache\com.unity.visualscripting@1.7.8\Editor\VisualScripting.Core\Dependencies\DotNetZip\Unity.VisualScripting.IonicZip.dll
Native extension for WindowsStandalone target not found
Native extension for Android target not found
Refreshing native plugins compatible for Editor in 4.41 ms, found 3 plugins.
Preloading 0 native plugins for Editor in 0.00 ms.
Mono: successfully reloaded assembly
- Completed reload, in 10.563 seconds
Domain Reload Profiling:
	ReloadAssembly (10565ms)
		BeginReloadAssembly (1260ms)
			ExecutionOrderSort (0ms)
			DisableScriptedObjects (31ms)
			BackupInstance (0ms)
			ReleaseScriptingObjects (1ms)
			CreateAndSetChildDomain (229ms)
		EndReloadAssembly (8613ms)
			LoadAssemblies (1202ms)
			RebuildTransferFunctionScriptingTraits (0ms)
			SetupTypeCache (3396ms)
			ReleaseScriptCaches (12ms)
			RebuildScriptCaches (276ms)
			SetupLoadedEditorAssemblies (3733ms)
				LogAssemblyErrors (0ms)
				InitializePlatformSupportModulesInManaged (117ms)
				SetLoadedEditorAssemblies (3ms)
				RefreshPlugins (5ms)
				BeforeProcessingInitializeOnLoad (539ms)
				ProcessInitializeOnLoadAttributes (2659ms)
				ProcessInitializeOnLoadMethodAttributes (351ms)
				AfterProcessingInitializeOnLoad (58ms)
				EditorAssembliesLoaded (1ms)
			ExecutionOrderSort2 (0ms)
			AwakeInstancesAfterBackupRestoration (33ms)
Platform modules already initialized, skipping
Refreshing native plugins compatible for Editor in 51.33 ms, found 3 plugins.
Preloading 0 native plugins for Editor in 0.00 ms.
Unloading 3896 Unused Serialized files (Serialized files now loaded: 0)
Unloading 21 unused Assets / (122.0 KB). Loaded Objects now: 4514.
Memory consumption went from 171.7 MB to 171.6 MB.
Total: 22.759800 ms (FindLiveObjects: 1.288400 ms CreateObjectMapping: 0.949300 ms MarkObjects: 19.639400 ms  DeleteObjects: 0.874200 ms)

AssetImportParameters requested are different than current active one (requested -> active):
  custom:video-decoder-ogg-theora: a1e56fd34408186e4bbccfd4996cb3dc -> 
  custom:container-muxer-webm: aa71ff27fc2769a1b78a27578f13a17b -> 
  custom:container-demuxer-webm: 4f35f7cbe854078d1ac9338744f61a02 -> 
  custom:video-encoder-webm-vp8: eb34c28f22e8b96e1ab97ce403110664 -> 
  custom:audio-encoder-webm-vorbis: bf7c407c2cedff20999df2af8eb42d56 -> 
  custom:framework-win-MediaFoundation: 216162199b28c13a410421893ffa2e32 -> 
  custom:container-demuxer-ogg: 62fdf1f143b41e24485cea50d1cbac27 -> 
  custom:video-decoder-webm-vp8: 9c59270c3fd7afecdb556c50c9e8de78 -> 
  custom:audio-decoder-ogg-vorbis: bf7c407c2cedff20999df2af8eb42d56 -> 
========================================================================
Received Prepare
Registering precompiled user dll's ...
Registered in 0.773167 seconds.
Begin MonoManager ReloadAssembly
Symbol file LoadedFromMemory doesn't match image C:\Users\ALGORITMIKA\Documents\Nikita Dubkov\3D Platformer\Library\PackageCache\com.unity.visualscripting@1.7.8\Editor\VisualScripting.Core\Dependencies\YamlDotNet\Unity.VisualScripting.YamlDotNet.dll
Symbol file LoadedFromMemory doesn't match image C:\Users\ALGORITMIKA\Documents\Nikita Dubkov\3D Platformer\Library\PackageCache\com.unity.visualscripting@1.7.8\Editor\VisualScripting.Core\Dependencies\DotNetZip\Unity.VisualScripting.IonicZip.dll
Native extension for WindowsStandalone target not found
Native extension for Android target not found
Refreshing native plugins compatible for Editor in 177.82 ms, found 3 plugins.
Preloading 0 native plugins for Editor in 0.00 ms.
Mono: successfully reloaded assembly
- Completed reload, in 11.462 seconds
Domain Reload Profiling:
	ReloadAssembly (11468ms)
		BeginReloadAssembly (1171ms)
			ExecutionOrderSort (0ms)
			DisableScriptedObjects (42ms)
			BackupInstance (0ms)
			ReleaseScriptingObjects (0ms)
			CreateAndSetChildDomain (289ms)
		EndReloadAssembly (9540ms)
			LoadAssemblies (1134ms)
			RebuildTransferFunctionScriptingTraits (0ms)
			SetupTypeCache (1877ms)
			ReleaseScriptCaches (4ms)
			RebuildScriptCaches (1110ms)
			SetupLoadedEditorAssemblies (4671ms)
				LogAssemblyErrors (0ms)
				InitializePlatformSupportModulesInManaged (162ms)
				SetLoadedEditorAssemblies (23ms)
				RefreshPlugins (178ms)
				BeforeProcessingInitializeOnLoad (520ms)
				ProcessInitializeOnLoadAttributes (3506ms)
				ProcessInitializeOnLoadMethodAttributes (249ms)
				AfterProcessingInitializeOnLoad (33ms)
				EditorAssembliesLoaded (1ms)
			ExecutionOrderSort2 (0ms)
			AwakeInstancesAfterBackupRestoration (24ms)
Platform modules already initialized, skipping
Refreshing native plugins compatible for Editor in 20.31 ms, found 3 plugins.
Preloading 0 native plugins for Editor in 0.00 ms.
Unloading 3896 Unused Serialized files (Serialized files now loaded: 0)
Unloading 21 unused Assets / (122.0 KB). Loaded Objects now: 4529.
Memory consumption went from 171.8 MB to 171.6 MB.
Total: 42.087500 ms (FindLiveObjects: 1.585100 ms CreateObjectMapping: 3.316600 ms MarkObjects: 36.397600 ms  DeleteObjects: 0.783400 ms)

AssetImportParameters requested are different than current active one (requested -> active):
  custom:video-decoder-ogg-theora: a1e56fd34408186e4bbccfd4996cb3dc -> 
  custom:container-muxer-webm: aa71ff27fc2769a1b78a27578f13a17b -> 
  custom:container-demuxer-webm: 4f35f7cbe854078d1ac9338744f61a02 -> 
  custom:video-encoder-webm-vp8: eb34c28f22e8b96e1ab97ce403110664 -> 
  custom:audio-encoder-webm-vorbis: bf7c407c2cedff20999df2af8eb42d56 -> 
  custom:framework-win-MediaFoundation: 216162199b28c13a410421893ffa2e32 -> 
  custom:container-demuxer-ogg: 62fdf1f143b41e24485cea50d1cbac27 -> 
  custom:video-decoder-webm-vp8: 9c59270c3fd7afecdb556c50c9e8de78 -> 
  custom:audio-decoder-ogg-vorbis: bf7c407c2cedff20999df2af8eb42d56 -> 
========================================================================
Received Prepare
Registering precompiled user dll's ...
Registered in 0.038375 seconds.
Begin MonoManager ReloadAssembly
Symbol file LoadedFromMemory doesn't match image C:\Users\ALGORITMIKA\Documents\Nikita Dubkov\3D Platformer\Library\PackageCache\com.unity.visualscripting@1.7.8\Editor\VisualScripting.Core\Dependencies\YamlDotNet\Unity.VisualScripting.YamlDotNet.dll
Symbol file LoadedFromMemory doesn't match image C:\Users\ALGORITMIKA\Documents\Nikita Dubkov\3D Platformer\Library\PackageCache\com.unity.visualscripting@1.7.8\Editor\VisualScripting.Core\Dependencies\DotNetZip\Unity.VisualScripting.IonicZip.dll
Native extension for WindowsStandalone target not found
Native extension for Android target not found
Refreshing native plugins compatible for Editor in 30.06 ms, found 3 plugins.
Preloading 0 native plugins for Editor in 0.00 ms.
Mono: successfully reloaded assembly
- Completed reload, in 16.058 seconds
Domain Reload Profiling:
	ReloadAssembly (16076ms)
		BeginReloadAssembly (3677ms)
			ExecutionOrderSort (1ms)
			DisableScriptedObjects (216ms)
			BackupInstance (0ms)
			ReleaseScriptingObjects (1ms)
			CreateAndSetChildDomain (1629ms)
		EndReloadAssembly (11110ms)
			LoadAssemblies (827ms)
			RebuildTransferFunctionScriptingTraits (0ms)
			SetupTypeCache (2981ms)
			ReleaseScriptCaches (16ms)
			RebuildScriptCaches (396ms)
			SetupLoadedEditorAssemblies (5791ms)
				LogAssemblyErrors (0ms)
				InitializePlatformSupportModulesInManaged (468ms)
				SetLoadedEditorAssemblies (96ms)
				RefreshPlugins (30ms)
				BeforeProcessingInitializeOnLoad (912ms)
				ProcessInitializeOnLoadAttributes (4034ms)
				ProcessInitializeOnLoadMethodAttributes (199ms)
				AfterProcessingInitializeOnLoad (49ms)
				EditorAssembliesLoaded (3ms)
			ExecutionOrderSort2 (0ms)
			AwakeInstancesAfterBackupRestoration (112ms)
Platform modules already initialized, skipping
Refreshing native plugins compatible for Editor in 17.55 ms, found 3 plugins.
Preloading 0 native plugins for Editor in 0.00 ms.
Unloading 3897 Unused Serialized files (Serialized files now loaded: 0)
Unloading 21 unused Assets / (122.0 KB). Loaded Objects now: 4545.
Memory consumption went from 171.8 MB to 171.7 MB.
Total: 223.763000 ms (FindLiveObjects: 1.820700 ms CreateObjectMapping: 1.895000 ms MarkObjects: 219.679000 ms  DeleteObjects: 0.362300 ms)

AssetImportParameters requested are different than current active one (requested -> active):
  custom:video-decoder-ogg-theora: a1e56fd34408186e4bbccfd4996cb3dc -> 
  custom:container-muxer-webm: aa71ff27fc2769a1b78a27578f13a17b -> 
  custom:container-demuxer-webm: 4f35f7cbe854078d1ac9338744f61a02 -> 
  custom:video-encoder-webm-vp8: eb34c28f22e8b96e1ab97ce403110664 -> 
  custom:audio-encoder-webm-vorbis: bf7c407c2cedff20999df2af8eb42d56 -> 
  custom:framework-win-MediaFoundation: 216162199b28c13a410421893ffa2e32 -> 
  custom:container-demuxer-ogg: 62fdf1f143b41e24485cea50d1cbac27 -> 
  custom:video-decoder-webm-vp8: 9c59270c3fd7afecdb556c50c9e8de78 -> 
  custom:audio-decoder-ogg-vorbis: bf7c407c2cedff20999df2af8eb42d56 -> 
========================================================================
Received Prepare
Registering precompiled user dll's ...
Registered in 0.041580 seconds.
Begin MonoManager ReloadAssembly
Symbol file LoadedFromMemory doesn't match image C:\Users\ALGORITMIKA\Documents\Nikita Dubkov\3D Platformer\Library\PackageCache\com.unity.visualscripting@1.7.8\Editor\VisualScripting.Core\Dependencies\YamlDotNet\Unity.VisualScripting.YamlDotNet.dll
Symbol file LoadedFromMemory doesn't match image C:\Users\ALGORITMIKA\Documents\Nikita Dubkov\3D Platformer\Library\PackageCache\com.unity.visualscripting@1.7.8\Editor\VisualScripting.Core\Dependencies\DotNetZip\Unity.VisualScripting.IonicZip.dll
Native extension for WindowsStandalone target not found
Native extension for Android target not found
Refreshing native plugins compatible for Editor in 3.92 ms, found 3 plugins.
Preloading 0 native plugins for Editor in 0.00 ms.
Mono: successfully reloaded assembly
- Completed reload, in  6.389 seconds
Domain Reload Profiling:
	ReloadAssembly (6395ms)
		BeginReloadAssembly (981ms)
			ExecutionOrderSort (0ms)
			DisableScriptedObjects (34ms)
			BackupInstance (0ms)
			ReleaseScriptingObjects (0ms)
			CreateAndSetChildDomain (332ms)
		EndReloadAssembly (4957ms)
			LoadAssemblies (657ms)
			RebuildTransferFunctionScriptingTraits (0ms)
			SetupTypeCache (1448ms)
			ReleaseScriptCaches (4ms)
			RebuildScriptCaches (223ms)
			SetupLoadedEditorAssemblies (2261ms)
				LogAssemblyErrors (0ms)
				InitializePlatformSupportModulesInManaged (82ms)
				SetLoadedEditorAssemblies (3ms)
				RefreshPlugins (4ms)
				BeforeProcessingInitializeOnLoad (258ms)
				ProcessInitializeOnLoadAttributes (1615ms)
				ProcessInitializeOnLoadMethodAttributes (237ms)
				AfterProcessingInitializeOnLoad (62ms)
				EditorAssembliesLoaded (1ms)
			ExecutionOrderSort2 (0ms)
			AwakeInstancesAfterBackupRestoration (34ms)
Platform modules already initialized, skipping
Refreshing native plugins compatible for Editor in 11.57 ms, found 3 plugins.
Preloading 0 native plugins for Editor in 0.00 ms.
Unloading 3897 Unused Serialized files (Serialized files now loaded: 0)
Unloading 21 unused Assets / (121.9 KB). Loaded Objects now: 4560.
Memory consumption went from 171.8 MB to 171.7 MB.
Total: 16.863200 ms (FindLiveObjects: 2.973600 ms CreateObjectMapping: 1.236400 ms MarkObjects: 12.252000 ms  DeleteObjects: 0.398000 ms)

AssetImportParameters requested are different than current active one (requested -> active):
  custom:video-decoder-ogg-theora: a1e56fd34408186e4bbccfd4996cb3dc -> 
  custom:container-muxer-webm: aa71ff27fc2769a1b78a27578f13a17b -> 
  custom:container-demuxer-webm: 4f35f7cbe854078d1ac9338744f61a02 -> 
  custom:video-encoder-webm-vp8: eb34c28f22e8b96e1ab97ce403110664 -> 
  custom:audio-encoder-webm-vorbis: bf7c407c2cedff20999df2af8eb42d56 -> 
  custom:framework-win-MediaFoundation: 216162199b28c13a410421893ffa2e32 -> 
  custom:container-demuxer-ogg: 62fdf1f143b41e24485cea50d1cbac27 -> 
  custom:video-decoder-webm-vp8: 9c59270c3fd7afecdb556c50c9e8de78 -> 
  custom:audio-decoder-ogg-vorbis: bf7c407c2cedff20999df2af8eb42d56 -> 
========================================================================
Received Prepare
Registering precompiled user dll's ...
Registered in 0.037586 seconds.
Begin MonoManager ReloadAssembly
Symbol file LoadedFromMemory doesn't match image C:\Users\ALGORITMIKA\Documents\Nikita Dubkov\3D Platformer\Library\PackageCache\com.unity.visualscripting@1.7.8\Editor\VisualScripting.Core\Dependencies\YamlDotNet\Unity.VisualScripting.YamlDotNet.dll
Symbol file LoadedFromMemory doesn't match image C:\Users\ALGORITMIKA\Documents\Nikita Dubkov\3D Platformer\Library\PackageCache\com.unity.visualscripting@1.7.8\Editor\VisualScripting.Core\Dependencies\DotNetZip\Unity.VisualScripting.IonicZip.dll
Native extension for WindowsStandalone target not found
Native extension for Android target not found
Refreshing native plugins compatible for Editor in 6.24 ms, found 3 plugins.
Preloading 0 native plugins for Editor in 0.00 ms.
Mono: successfully reloaded assembly
- Completed reload, in 13.308 seconds
Domain Reload Profiling:
	ReloadAssembly (13311ms)
		BeginReloadAssembly (2064ms)
			ExecutionOrderSort (0ms)
			DisableScriptedObjects (75ms)
			BackupInstance (0ms)
			ReleaseScriptingObjects (0ms)
			CreateAndSetChildDomain (512ms)
		EndReloadAssembly (10132ms)
			LoadAssemblies (1700ms)
			RebuildTransferFunctionScriptingTraits (0ms)
			SetupTypeCache (2980ms)
			ReleaseScriptCaches (18ms)
			RebuildScriptCaches (612ms)
			SetupLoadedEditorAssemblies (4381ms)
				LogAssemblyErrors (0ms)
				InitializePlatformSupportModulesInManaged (424ms)
				SetLoadedEditorAssemblies (18ms)
				RefreshPlugins (6ms)
				BeforeProcessingInitializeOnLoad (664ms)
				ProcessInitializeOnLoadAttributes (2780ms)
				ProcessInitializeOnLoadMethodAttributes (337ms)
				AfterProcessingInitializeOnLoad (151ms)
				EditorAssembliesLoaded (1ms)
			ExecutionOrderSort2 (0ms)
			AwakeInstancesAfterBackupRestoration (51ms)
Platform modules already initialized, skipping
Refreshing native plugins compatible for Editor in 57.80 ms, found 3 plugins.
Preloading 0 native plugins for Editor in 0.00 ms.
Unloading 3897 Unused Serialized files (Serialized files now loaded: 0)
Unloading 21 unused Assets / (121.8 KB). Loaded Objects now: 4575.
Memory consumption went from 171.8 MB to 171.7 MB.
Total: 17.289200 ms (FindLiveObjects: 0.870600 ms CreateObjectMapping: 1.320000 ms MarkObjects: 14.735900 ms  DeleteObjects: 0.358800 ms)

AssetImportParameters requested are different than current active one (requested -> active):
  custom:video-decoder-ogg-theora: a1e56fd34408186e4bbccfd4996cb3dc -> 
  custom:container-muxer-webm: aa71ff27fc2769a1b78a27578f13a17b -> 
  custom:container-demuxer-webm: 4f35f7cbe854078d1ac9338744f61a02 -> 
  custom:video-encoder-webm-vp8: eb34c28f22e8b96e1ab97ce403110664 -> 
  custom:audio-encoder-webm-vorbis: bf7c407c2cedff20999df2af8eb42d56 -> 
  custom:framework-win-MediaFoundation: 216162199b28c13a410421893ffa2e32 -> 
  custom:container-demuxer-ogg: 62fdf1f143b41e24485cea50d1cbac27 -> 
  custom:video-decoder-webm-vp8: 9c59270c3fd7afecdb556c50c9e8de78 -> 
  custom:audio-decoder-ogg-vorbis: bf7c407c2cedff20999df2af8eb42d56 -> 
========================================================================
Received Prepare
Registering precompiled user dll's ...
Registered in 0.023850 seconds.
Begin MonoManager ReloadAssembly
Symbol file LoadedFromMemory doesn't match image C:\Users\ALGORITMIKA\Documents\Nikita Dubkov\3D Platformer\Library\PackageCache\com.unity.visualscripting@1.7.8\Editor\VisualScripting.Core\Dependencies\YamlDotNet\Unity.VisualScripting.YamlDotNet.dll
Symbol file LoadedFromMemory doesn't match image C:\Users\ALGORITMIKA\Documents\Nikita Dubkov\3D Platformer\Library\PackageCache\com.unity.visualscripting@1.7.8\Editor\VisualScripting.Core\Dependencies\DotNetZip\Unity.VisualScripting.IonicZip.dll
Native extension for WindowsStandalone target not found
Native extension for Android target not found
Refreshing native plugins compatible for Editor in 4.33 ms, found 3 plugins.
Preloading 0 native plugins for Editor in 0.00 ms.
Mono: successfully reloaded assembly
- Completed reload, in  8.378 seconds
Domain Reload Profiling:
	ReloadAssembly (8381ms)
		BeginReloadAssembly (788ms)
			ExecutionOrderSort (0ms)
			DisableScriptedObjects (24ms)
			BackupInstance (0ms)
			ReleaseScriptingObjects (0ms)
			CreateAndSetChildDomain (144ms)
		EndReloadAssembly (7089ms)
			LoadAssemblies (864ms)
			RebuildTransferFunctionScriptingTraits (0ms)
			SetupTypeCache (2774ms)
			ReleaseScriptCaches (35ms)
			RebuildScriptCaches (409ms)
			SetupLoadedEditorAssemblies (2743ms)
				LogAssemblyErrors (0ms)
				InitializePlatformSupportModulesInManaged (134ms)
				SetLoadedEditorAssemblies (5ms)
				RefreshPlugins (5ms)
				BeforeProcessingInitializeOnLoad (489ms)
				ProcessInitializeOnLoadAttributes (1855ms)
				ProcessInitializeOnLoadMethodAttributes (204ms)
				AfterProcessingInitializeOnLoad (50ms)
				EditorAssembliesLoaded (3ms)
			ExecutionOrderSort2 (0ms)
			AwakeInstancesAfterBackupRestoration (43ms)
Platform modules already initialized, skipping
Refreshing native plugins compatible for Editor in 23.64 ms, found 3 plugins.
Preloading 0 native plugins for Editor in 0.00 ms.
Unloading 3897 Unused Serialized files (Serialized files now loaded: 0)
Unloading 21 unused Assets / (121.9 KB). Loaded Objects now: 4590.
Memory consumption went from 171.9 MB to 171.7 MB.
Total: 10.322400 ms (FindLiveObjects: 0.744100 ms CreateObjectMapping: 0.437200 ms MarkObjects: 8.299400 ms  DeleteObjects: 0.837200 ms)

AssetImportParameters requested are different than current active one (requested -> active):
  custom:video-decoder-ogg-theora: a1e56fd34408186e4bbccfd4996cb3dc -> 
  custom:container-muxer-webm: aa71ff27fc2769a1b78a27578f13a17b -> 
  custom:container-demuxer-webm: 4f35f7cbe854078d1ac9338744f61a02 -> 
  custom:video-encoder-webm-vp8: eb34c28f22e8b96e1ab97ce403110664 -> 
  custom:audio-encoder-webm-vorbis: bf7c407c2cedff20999df2af8eb42d56 -> 
  custom:framework-win-MediaFoundation: 216162199b28c13a410421893ffa2e32 -> 
  custom:container-demuxer-ogg: 62fdf1f143b41e24485cea50d1cbac27 -> 
  custom:video-decoder-webm-vp8: 9c59270c3fd7afecdb556c50c9e8de78 -> 
  custom:audio-decoder-ogg-vorbis: bf7c407c2cedff20999df2af8eb42d56 -> 
========================================================================
Received Prepare
Registering precompiled user dll's ...
Registered in 0.023077 seconds.
Begin MonoManager ReloadAssembly
Symbol file LoadedFromMemory doesn't match image C:\Users\ALGORITMIKA\Documents\Nikita Dubkov\3D Platformer\Library\PackageCache\com.unity.visualscripting@1.7.8\Editor\VisualScripting.Core\Dependencies\YamlDotNet\Unity.VisualScripting.YamlDotNet.dll
Symbol file LoadedFromMemory doesn't match image C:\Users\ALGORITMIKA\Documents\Nikita Dubkov\3D Platformer\Library\PackageCache\com.unity.visualscripting@1.7.8\Editor\VisualScripting.Core\Dependencies\DotNetZip\Unity.VisualScripting.IonicZip.dll
Native extension for WindowsStandalone target not found
Native extension for Android target not found
Refreshing native plugins compatible for Editor in 3.53 ms, found 3 plugins.
Preloading 0 native plugins for Editor in 0.00 ms.
Mono: successfully reloaded assembly
- Completed reload, in  5.883 seconds
Domain Reload Profiling:
	ReloadAssembly (5886ms)
		BeginReloadAssembly (512ms)
			ExecutionOrderSort (0ms)
			DisableScriptedObjects (16ms)
			BackupInstance (0ms)
			ReleaseScriptingObjects (0ms)
			CreateAndSetChildDomain (123ms)
		EndReloadAssembly (4934ms)
			LoadAssemblies (387ms)
			RebuildTransferFunctionScriptingTraits (0ms)
			SetupTypeCache (1218ms)
			ReleaseScriptCaches (9ms)
			RebuildScriptCaches (232ms)
			SetupLoadedEditorAssemblies (2883ms)
				LogAssemblyErrors (0ms)
				InitializePlatformSupportModulesInManaged (101ms)
				SetLoadedEditorAssemblies (2ms)
				RefreshPlugins (4ms)
				BeforeProcessingInitializeOnLoad (405ms)
				ProcessInitializeOnLoadAttributes (2076ms)
				ProcessInitializeOnLoadMethodAttributes (232ms)
				AfterProcessingInitializeOnLoad (62ms)
				EditorAssembliesLoaded (1ms)
			ExecutionOrderSort2 (0ms)
			AwakeInstancesAfterBackupRestoration (33ms)
Platform modules already initialized, skipping
Refreshing native plugins compatible for Editor in 24.92 ms, found 3 plugins.
Preloading 0 native plugins for Editor in 0.00 ms.
Unloading 3897 Unused Serialized files (Serialized files now loaded: 0)
Unloading 21 unused Assets / (121.9 KB). Loaded Objects now: 4605.
Memory consumption went from 171.9 MB to 171.8 MB.
Total: 41.145800 ms (FindLiveObjects: 11.588000 ms CreateObjectMapping: 4.833100 ms MarkObjects: 23.779300 ms  DeleteObjects: 0.938900 ms)

AssetImportParameters requested are different than current active one (requested -> active):
  custom:video-decoder-ogg-theora: a1e56fd34408186e4bbccfd4996cb3dc -> 
  custom:container-muxer-webm: aa71ff27fc2769a1b78a27578f13a17b -> 
  custom:container-demuxer-webm: 4f35f7cbe854078d1ac9338744f61a02 -> 
  custom:video-encoder-webm-vp8: eb34c28f22e8b96e1ab97ce403110664 -> 
  custom:audio-encoder-webm-vorbis: bf7c407c2cedff20999df2af8eb42d56 -> 
  custom:framework-win-MediaFoundation: 216162199b28c13a410421893ffa2e32 -> 
  custom:container-demuxer-ogg: 62fdf1f143b41e24485cea50d1cbac27 -> 
  custom:video-decoder-webm-vp8: 9c59270c3fd7afecdb556c50c9e8de78 -> 
  custom:audio-decoder-ogg-vorbis: bf7c407c2cedff20999df2af8eb42d56 -> 
