Using pre-set license
Built from '2021.3/staging' branch; Version is '2021.3.5f1 (40eb3a945986) revision 4254522'; Using compiler version '192829333'; Build Type 'Release'
OS: 'Windows 10  (10.0.19043) 64bit CoreSingleLanguage' Language: 'ru' Physical Memory: 3274 MB
BatchMode: 1, IsHumanControllingUs: 0, StartBugReporterOnCrash: 0, Is64bit: 1, IsPro: 1

COMMAND LINE ARGUMENTS:
C:\Program Files\Unity\Hub\Editor\2021.3.5f1\Editor\Unity.exe
-adb2
-batchMode
-noUpm
-name
AssetImportWorker2
-projectPath
C:/Users/ALGORITMIKA/Desktop/Nikita Dubkov/Nikita Dubkov337 (7)
-logFile
Logs/AssetImportWorker2.log
-srvPort
58266
Successfully changed project path to: C:/Users/ALGORITMIKA/Desktop/Nikita Dubkov/Nikita Dubkov337 (7)
C:/Users/ALGORITMIKA/Desktop/Nikita Dubkov/Nikita Dubkov337 (7)
[UnityMemory] Configuration Parameters - Can be set up in boot.config
    "memorysetup-bucket-allocator-granularity=16"
    "memorysetup-bucket-allocator-bucket-count=8"
    "memorysetup-bucket-allocator-block-size=33554432"
    "memorysetup-bucket-allocator-block-count=8"
    "memorysetup-main-allocator-block-size=16777216"
    "memorysetup-thread-allocator-block-size=16777216"
    "memorysetup-gfx-main-allocator-block-size=16777216"
    "memorysetup-gfx-thread-allocator-block-size=16777216"
    "memorysetup-cache-allocator-block-size=4194304"
    "memorysetup-typetree-allocator-block-size=2097152"
    "memorysetup-profiler-bucket-allocator-granularity=16"
    "memorysetup-profiler-bucket-allocator-bucket-count=8"
    "memorysetup-profiler-bucket-allocator-block-size=33554432"
    "memorysetup-profiler-bucket-allocator-block-count=8"
    "memorysetup-profiler-allocator-block-size=16777216"
    "memorysetup-profiler-editor-allocator-block-size=1048576"
    "memorysetup-temp-allocator-size-main=16777216"
    "memorysetup-job-temp-allocator-block-size=2097152"
    "memorysetup-job-temp-allocator-block-size-background=1048576"
    "memorysetup-job-temp-allocator-reduction-small-platforms=262144"
    "memorysetup-temp-allocator-size-background-worker=32768"
    "memorysetup-temp-allocator-size-job-worker=262144"
    "memorysetup-temp-allocator-size-preload-manager=33554432"
    "memorysetup-temp-allocator-size-nav-mesh-worker=65536"
    "memorysetup-temp-allocator-size-audio-worker=65536"
    "memorysetup-temp-allocator-size-cloud-worker=32768"
    "memorysetup-temp-allocator-size-gi-baking-worker=262144"
    "memorysetup-temp-allocator-size-gfx=262144"
Refreshing native plugins compatible for Editor in 235.04 ms, found 3 plugins.
Preloading 0 native plugins for Editor in 0.00 ms.
Initialize engine version: 2021.3.5f1 (40eb3a945986)
[Subsystems] Discovering subsystems at path C:/Program Files/Unity/Hub/Editor/2021.3.5f1/Editor/Data/Resources/UnitySubsystems
[Subsystems] Discovering subsystems at path C:/Users/ALGORITMIKA/Desktop/Nikita Dubkov/Nikita Dubkov337 (7)/Assets
GfxDevice: creating device client; threaded=0; jobified=0
Direct3D:
    Version:  Direct3D 11.0 [level 11.0]
    Renderer: AMD Radeon HD 7620G (ID=0x9907)
    Vendor:   ATI
    VRAM:     2795 MB
    Driver:   15.201.1201.0
Initialize mono
Mono path[0] = 'C:/Program Files/Unity/Hub/Editor/2021.3.5f1/Editor/Data/Managed'
Mono path[1] = 'C:/Program Files/Unity/Hub/Editor/2021.3.5f1/Editor/Data/MonoBleedingEdge/lib/mono/unityjit-win32'
Mono config path = 'C:/Program Files/Unity/Hub/Editor/2021.3.5f1/Editor/Data/MonoBleedingEdge/etc'
Using monoOptions --debugger-agent=transport=dt_socket,embedding=1,server=y,suspend=n,address=127.0.0.1:56148
Begin MonoManager ReloadAssembly
Registering precompiled unity dll's ...
Register platform support module: C:/Program Files/Unity/Hub/Editor/2021.3.5f1/Editor/Data/PlaybackEngines/AndroidPlayer/UnityEditor.Android.Extensions.dll
Register platform support module: C:/Program Files/Unity/Hub/Editor/2021.3.5f1/Editor/Data/PlaybackEngines/WindowsStandaloneSupport/UnityEditor.WindowsStandalone.Extensions.dll
Registered in 0.019372 seconds.
Native extension for WindowsStandalone target not found
Native extension for Android target not found
Refreshing native plugins compatible for Editor in 200.88 ms, found 3 plugins.
Preloading 0 native plugins for Editor in 0.00 ms.
Mono: successfully reloaded assembly
- Completed reload, in  1.854 seconds
Domain Reload Profiling:
	ReloadAssembly (1855ms)
		BeginReloadAssembly (216ms)
			ExecutionOrderSort (0ms)
			DisableScriptedObjects (0ms)
			BackupInstance (0ms)
			ReleaseScriptingObjects (0ms)
			CreateAndSetChildDomain (2ms)
		EndReloadAssembly (1307ms)
			LoadAssemblies (210ms)
			RebuildTransferFunctionScriptingTraits (0ms)
			SetupTypeCache (352ms)
			ReleaseScriptCaches (0ms)
			RebuildScriptCaches (90ms)
			SetupLoadedEditorAssemblies (727ms)
				LogAssemblyErrors (0ms)
				InitializePlatformSupportModulesInManaged (128ms)
				SetLoadedEditorAssemblies (1ms)
				RefreshPlugins (201ms)
				BeforeProcessingInitializeOnLoad (3ms)
				ProcessInitializeOnLoadAttributes (262ms)
				ProcessInitializeOnLoadMethodAttributes (132ms)
				AfterProcessingInitializeOnLoad (0ms)
				EditorAssembliesLoaded (0ms)
			ExecutionOrderSort2 (0ms)
			AwakeInstancesAfterBackupRestoration (0ms)
Platform modules already initialized, skipping
Registering precompiled user dll's ...
Registered in 0.017136 seconds.
Begin MonoManager ReloadAssembly
Symbol file LoadedFromMemory doesn't match image C:\Users\ALGORITMIKA\Desktop\Nikita Dubkov\Nikita Dubkov337 (7)\Library\PackageCache\com.unity.visualscripting@1.7.8\Editor\VisualScripting.Core\Dependencies\YamlDotNet\Unity.VisualScripting.YamlDotNet.dll
Symbol file LoadedFromMemory doesn't match image C:\Users\ALGORITMIKA\Desktop\Nikita Dubkov\Nikita Dubkov337 (7)\Library\PackageCache\com.unity.visualscripting@1.7.8\Editor\VisualScripting.Core\Dependencies\DotNetZip\Unity.VisualScripting.IonicZip.dll
Native extension for WindowsStandalone target not found
Native extension for Android target not found
Refreshing native plugins compatible for Editor in 1.59 ms, found 3 plugins.
Preloading 0 native plugins for Editor in 0.00 ms.
Mono: successfully reloaded assembly
- Completed reload, in 14.463 seconds
Domain Reload Profiling:
	ReloadAssembly (14466ms)
		BeginReloadAssembly (314ms)
			ExecutionOrderSort (0ms)
			DisableScriptedObjects (15ms)
			BackupInstance (0ms)
			ReleaseScriptingObjects (0ms)
			CreateAndSetChildDomain (48ms)
		EndReloadAssembly (13663ms)
			LoadAssemblies (7193ms)
			RebuildTransferFunctionScriptingTraits (0ms)
			SetupTypeCache (2355ms)
			ReleaseScriptCaches (1ms)
			RebuildScriptCaches (147ms)
			SetupLoadedEditorAssemblies (3871ms)
				LogAssemblyErrors (0ms)
				InitializePlatformSupportModulesInManaged (40ms)
				SetLoadedEditorAssemblies (1ms)
				RefreshPlugins (2ms)
				BeforeProcessingInitializeOnLoad (231ms)
				ProcessInitializeOnLoadAttributes (796ms)
				ProcessInitializeOnLoadMethodAttributes (2780ms)
				AfterProcessingInitializeOnLoad (20ms)
				EditorAssembliesLoaded (1ms)
			ExecutionOrderSort2 (0ms)
			AwakeInstancesAfterBackupRestoration (17ms)
Platform modules already initialized, skipping
========================================================================
Worker process is ready to serve import requests
Launched and connected shader compiler UnityShaderCompiler.exe after 0.27 seconds
Refreshing native plugins compatible for Editor in 1.73 ms, found 3 plugins.
Preloading 0 native plugins for Editor in 0.00 ms.
Unloading 3368 Unused Serialized files (Serialized files now loaded: 0)
Unloading 27 unused Assets / (111.1 KB). Loaded Objects now: 3826.
Memory consumption went from 115.9 MB to 115.8 MB.
Total: 12.111000 ms (FindLiveObjects: 0.748300 ms CreateObjectMapping: 0.361600 ms MarkObjects: 10.527600 ms  DeleteObjects: 0.469900 ms)

AssetImportParameters requested are different than current active one (requested -> active):
  custom:video-decoder-ogg-theora: a1e56fd34408186e4bbccfd4996cb3dc -> 
  custom:container-muxer-webm: aa71ff27fc2769a1b78a27578f13a17b -> 
  custom:container-demuxer-webm: 4f35f7cbe854078d1ac9338744f61a02 -> 
  custom:video-encoder-webm-vp8: eb34c28f22e8b96e1ab97ce403110664 -> 
  custom:audio-encoder-webm-vorbis: bf7c407c2cedff20999df2af8eb42d56 -> 
  custom:framework-win-MediaFoundation: 216162199b28c13a410421893ffa2e32 -> 
  custom:container-demuxer-ogg: 62fdf1f143b41e24485cea50d1cbac27 -> 
  custom:video-decoder-webm-vp8: 9c59270c3fd7afecdb556c50c9e8de78 -> 
  custom:audio-decoder-ogg-vorbis: bf7c407c2cedff20999df2af8eb42d56 -> 
========================================================================
Received Import Request.
  Time since last request: 269661.133417 seconds.
  path: Assets/Prefabs/Art/Mterials
  artifactKey: Guid(2b8df90041962f746a7e52c43430ee10) Importer(815301076,1909f56bfc062723c751e8b465ee728b)
Start importing Assets/Prefabs/Art/Mterials using Guid(2b8df90041962f746a7e52c43430ee10) Importer(815301076,1909f56bfc062723c751e8b465ee728b)  -> (artifact id: '397138d7f91cad4074730b1fe35f3190') in 0.029479 seconds 
========================================================================
Received Import Request.
  Time since last request: 0.000065 seconds.
  path: Assets/Prefabs/Art
  artifactKey: Guid(c5710b6e9934f044c88ac1a269345141) Importer(815301076,1909f56bfc062723c751e8b465ee728b)
Start importing Assets/Prefabs/Art using Guid(c5710b6e9934f044c88ac1a269345141) Importer(815301076,1909f56bfc062723c751e8b465ee728b)  -> (artifact id: '49451c0aab4709731510b210dd392179') in 0.019090 seconds 
========================================================================
Received Import Request.
  Time since last request: 79.754067 seconds.
  path: Assets/Art/Mterials/New Material.mat
  artifactKey: Guid(cd9b15f3f21da084a9c4ba91ab15e8fc) Importer(815301076,1909f56bfc062723c751e8b465ee728b)
Start importing Assets/Art/Mterials/New Material.mat using Guid(cd9b15f3f21da084a9c4ba91ab15e8fc) Importer(815301076,1909f56bfc062723c751e8b465ee728b)  -> (artifact id: '59a8af32ea86db9faad18c49c3dc83b6') in 0.446337 seconds 
========================================================================
Received Import Request.
  Time since last request: 24.726929 seconds.
  path: Assets/Art/Mterials/WallColor.mat
  artifactKey: Guid(896c23a383171e149b51f157065be8ae) Importer(815301076,1909f56bfc062723c751e8b465ee728b)
Start importing Assets/Art/Mterials/WallColor.mat using Guid(896c23a383171e149b51f157065be8ae) Importer(815301076,1909f56bfc062723c751e8b465ee728b)  -> (artifact id: '702cd91c4b3003bc22da1b1aac7562e6') in 0.052071 seconds 
========================================================================
Received Import Request.
  Time since last request: 18.355736 seconds.
  path: Assets/Art/Mterials/CronColor.mat
  artifactKey: Guid(cd9b15f3f21da084a9c4ba91ab15e8fc) Importer(815301076,1909f56bfc062723c751e8b465ee728b)
Start importing Assets/Art/Mterials/CronColor.mat using Guid(cd9b15f3f21da084a9c4ba91ab15e8fc) Importer(815301076,1909f56bfc062723c751e8b465ee728b)  -> (artifact id: '52dd984138ea3b55891a92b6d9f6aef2') in 0.055515 seconds 
========================================================================
Received Import Request.
  Time since last request: 1270.066874 seconds.
  path: Assets/Art/Mterials/New Material.mat
  artifactKey: Guid(85becaadbca03c14eae96d24c142d6f6) Importer(815301076,1909f56bfc062723c751e8b465ee728b)
Start importing Assets/Art/Mterials/New Material.mat using Guid(85becaadbca03c14eae96d24c142d6f6) Importer(815301076,1909f56bfc062723c751e8b465ee728b)  -> (artifact id: 'b34c3449353a1f6cd3dce9f1877e3127') in 0.045205 seconds 
========================================================================
Received Import Request.
  Time since last request: 57.941703 seconds.
  path: Assets/Art/Mterials/CrjnMirror.mat
  artifactKey: Guid(85becaadbca03c14eae96d24c142d6f6) Importer(815301076,1909f56bfc062723c751e8b465ee728b)
Start importing Assets/Art/Mterials/CrjnMirror.mat using Guid(85becaadbca03c14eae96d24c142d6f6) Importer(815301076,1909f56bfc062723c751e8b465ee728b)  -> (artifact id: '08936bd01798343dd291bd8d326d26da') in 0.057931 seconds 
========================================================================
Received Import Request.
  Time since last request: 15.793398 seconds.
  path: Assets/Art/Mterials/CrinMirror.mat
  artifactKey: Guid(85becaadbca03c14eae96d24c142d6f6) Importer(815301076,1909f56bfc062723c751e8b465ee728b)
Start importing Assets/Art/Mterials/CrinMirror.mat using Guid(85becaadbca03c14eae96d24c142d6f6) Importer(815301076,1909f56bfc062723c751e8b465ee728b)  -> (artifact id: 'd3d5c23a91743c409c663358979aaf42') in 0.060569 seconds 
========================================================================
Received Import Request.
  Time since last request: 283.022624 seconds.
  path: Assets/Art/Mterials/CronGlow.mat
  artifactKey: Guid(2ee40d307550dfe4cb39ee4fa6984790) Importer(815301076,1909f56bfc062723c751e8b465ee728b)
Start importing Assets/Art/Mterials/CronGlow.mat using Guid(2ee40d307550dfe4cb39ee4fa6984790) Importer(815301076,1909f56bfc062723c751e8b465ee728b)  -> (artifact id: '83738c8dceed9bb79e2eee9cbdf45ff8') in 0.052592 seconds 
========================================================================
Received Import Request.
  Time since last request: 446.072609 seconds.
  path: Assets/Art/Texstures
  artifactKey: Guid(5e0be2878a8be2644ac2bb5dea356406) Importer(815301076,1909f56bfc062723c751e8b465ee728b)
Start importing Assets/Art/Texstures using Guid(5e0be2878a8be2644ac2bb5dea356406) Importer(815301076,1909f56bfc062723c751e8b465ee728b)  -> (artifact id: 'fd2d7084cf707fc62c4c246a797f6c4a') in 0.025524 seconds 
========================================================================
Received Import Request.
  Time since last request: 77.749000 seconds.
  path: Assets/Art/Texstures/Stone (3).jpg
  artifactKey: Guid(384a56d3a9b30da499cfbb40fa6d2ecb) Importer(815301076,1909f56bfc062723c751e8b465ee728b)
Start importing Assets/Art/Texstures/Stone (3).jpg using Guid(384a56d3a9b30da499cfbb40fa6d2ecb) Importer(815301076,1909f56bfc062723c751e8b465ee728b)  -> (artifact id: '5ba88d47cb82bc11c00d9af50704dbf9') in 0.120641 seconds 
========================================================================
Received Import Request.
  Time since last request: 341.431218 seconds.
  path: Assets/Tiles.jpg
  artifactKey: Guid(495f6dd75d72b424088a23fa99c3dbf4) Importer(815301076,1909f56bfc062723c751e8b465ee728b)
Start importing Assets/Tiles.jpg using Guid(495f6dd75d72b424088a23fa99c3dbf4) Importer(815301076,1909f56bfc062723c751e8b465ee728b)  -> (artifact id: '23224b15fef6ff6cb15c5599890ef618') in 0.061216 seconds 
========================================================================
Received Import Request.
  Time since last request: 7.191617 seconds.
  path: Assets/MetalFloor.jpg
  artifactKey: Guid(052f98175c8671b4aa739c00179a3d4e) Importer(815301076,1909f56bfc062723c751e8b465ee728b)
Start importing Assets/MetalFloor.jpg using Guid(052f98175c8671b4aa739c00179a3d4e) Importer(815301076,1909f56bfc062723c751e8b465ee728b)  -> (artifact id: 'ac54f98cab47dcaa43e32ff002e55f2a') in 0.072763 seconds 
========================================================================
Received Import Request.
  Time since last request: 22.900690 seconds.
  path: Assets/Art/Texstures/Materials
  artifactKey: Guid(20e9dbc44ca202a4fb616ff821c9d9bd) Importer(815301076,1909f56bfc062723c751e8b465ee728b)
Start importing Assets/Art/Texstures/Materials using Guid(20e9dbc44ca202a4fb616ff821c9d9bd) Importer(815301076,1909f56bfc062723c751e8b465ee728b)  -> (artifact id: '46c538dd24d84440629584bd673e5b4a') in 0.024594 seconds 
========================================================================
Received Import Request.
  Time since last request: 47.325989 seconds.
  path: Assets/Art/Texstures/Leaves.jpg
  artifactKey: Guid(cd00c98822323ed4b8e3439f796d0daf) Importer(815301076,1909f56bfc062723c751e8b465ee728b)
Start importing Assets/Art/Texstures/Leaves.jpg using Guid(cd00c98822323ed4b8e3439f796d0daf) Importer(815301076,1909f56bfc062723c751e8b465ee728b)  -> (artifact id: 'eeedc7b80a58568fb6935273a184bfb7') in 0.061293 seconds 
========================================================================
Received Import Request.
  Time since last request: 8.481902 seconds.
  path: Assets/Art/Texstures/Wood.jpg
  artifactKey: Guid(c9b4f86b4b869844892bde530777153a) Importer(815301076,1909f56bfc062723c751e8b465ee728b)
Start importing Assets/Art/Texstures/Wood.jpg using Guid(c9b4f86b4b869844892bde530777153a) Importer(815301076,1909f56bfc062723c751e8b465ee728b)  -> (artifact id: '0f3968fe1fc574ad96e6bbe9bee2e59d') in 0.080943 seconds 
========================================================================
Received Import Request.
  Time since last request: 454.695224 seconds.
  path: Assets/Art/Texstures/Materials/Leaves.mat
  artifactKey: Guid(04f5dda8103899645872b3228bec55cf) Importer(815301076,1909f56bfc062723c751e8b465ee728b)
Start importing Assets/Art/Texstures/Materials/Leaves.mat using Guid(04f5dda8103899645872b3228bec55cf) Importer(815301076,1909f56bfc062723c751e8b465ee728b)  -> (artifact id: '48b6e08a2a27ad44c5aeed59a7a2edee') in 0.067850 seconds 
========================================================================
Received Import Request.
  Time since last request: 0.000077 seconds.
  path: Assets/Art/Texstures/Materials/Wood.mat
  artifactKey: Guid(2ee1717e0686fae44b477b09704e3913) Importer(815301076,1909f56bfc062723c751e8b465ee728b)
Start importing Assets/Art/Texstures/Materials/Wood.mat using Guid(2ee1717e0686fae44b477b09704e3913) Importer(815301076,1909f56bfc062723c751e8b465ee728b)  -> (artifact id: 'cdb5bb246ac2cd89c6634ff7ee4f9166') in 0.062996 seconds 
========================================================================
Received Import Request.
  Time since last request: 0.000504 seconds.
  path: Assets/Art/Texstures/Materials/MetalFloor.mat
  artifactKey: Guid(6055591c0bb531048b1ad905c4a8d601) Importer(815301076,1909f56bfc062723c751e8b465ee728b)
Start importing Assets/Art/Texstures/Materials/MetalFloor.mat using Guid(6055591c0bb531048b1ad905c4a8d601) Importer(815301076,1909f56bfc062723c751e8b465ee728b)  -> (artifact id: '5cfe1a8ba4ac96c55d4abbe5b58f3c1d') in 0.063946 seconds 
========================================================================
Received Import Request.
  Time since last request: 0.000062 seconds.
  path: Assets/Art/Texstures/Materials/Tiles.mat
  artifactKey: Guid(2b7972823f378f342b8bd5bd98c5ffad) Importer(815301076,1909f56bfc062723c751e8b465ee728b)
Start importing Assets/Art/Texstures/Materials/Tiles.mat using Guid(2b7972823f378f342b8bd5bd98c5ffad) Importer(815301076,1909f56bfc062723c751e8b465ee728b)  -> (artifact id: '1bcd6e5a001acb7467bc3b2f94d17c00') in 0.055466 seconds 
========================================================================
Received Import Request.
  Time since last request: 101.734011 seconds.
  path: Assets/Art/Mterials/CrinMirror.mat
  artifactKey: Guid(85becaadbca03c14eae96d24c142d6f6) Importer(815301076,1909f56bfc062723c751e8b465ee728b)
Start importing Assets/Art/Mterials/CrinMirror.mat using Guid(85becaadbca03c14eae96d24c142d6f6) Importer(815301076,1909f56bfc062723c751e8b465ee728b)  -> (artifact id: 'c71ea89bd1ed8f48ddd7c00136ec797c') in 0.962321 seconds 
========================================================================
Received Import Request.
  Time since last request: 0.000087 seconds.
  path: Assets/Art/Mterials/CronColor.mat
  artifactKey: Guid(cd9b15f3f21da084a9c4ba91ab15e8fc) Importer(815301076,1909f56bfc062723c751e8b465ee728b)
Start importing Assets/Art/Mterials/CronColor.mat using Guid(cd9b15f3f21da084a9c4ba91ab15e8fc) Importer(815301076,1909f56bfc062723c751e8b465ee728b)  -> (artifact id: '47cc11e2f8b61552314c4b6c3d2d6a80') in 0.056033 seconds 
========================================================================
Received Import Request.
  Time since last request: 0.000087 seconds.
  path: Assets/Art/Mterials/CronGlow.mat
  artifactKey: Guid(2ee40d307550dfe4cb39ee4fa6984790) Importer(815301076,1909f56bfc062723c751e8b465ee728b)
Start importing Assets/Art/Mterials/CronGlow.mat using Guid(2ee40d307550dfe4cb39ee4fa6984790) Importer(815301076,1909f56bfc062723c751e8b465ee728b)  -> (artifact id: 'a88ec1d6fd67a843def5b888d334b9f6') in 0.078997 seconds 
========================================================================
Received Import Request.
  Time since last request: 0.000101 seconds.
  path: Assets/Art/Mterials/WallColor.mat
  artifactKey: Guid(896c23a383171e149b51f157065be8ae) Importer(815301076,1909f56bfc062723c751e8b465ee728b)
Start importing Assets/Art/Mterials/WallColor.mat using Guid(896c23a383171e149b51f157065be8ae) Importer(815301076,1909f56bfc062723c751e8b465ee728b)  -> (artifact id: 'df8a66c0c4f1d93d0ec3a4b1bda75af2') in 0.056444 seconds 
